SF:lib/data/supabase_client.dart
DA:15,8
DA:21,6
DA:26,2
LF:3
LH:3
end_of_record
SF:lib/models/attendee.dart
DA:9,4
DA:18,1
DA:19,1
DA:20,1
DA:21,1
DA:22,1
DA:23,1
DA:24,1
DA:25,1
DA:29,2
DA:30,2
DA:31,2
DA:32,2
DA:33,2
DA:34,2
DA:35,2
DA:36,2
DA:40,1
DA:48,1
DA:49,1
DA:50,1
DA:51,1
DA:52,1
DA:53,0
DA:54,1
LF:25
LH:24
end_of_record
SF:lib/models/completeduserhour.dart
DA:10,2
DA:17,1
DA:18,1
DA:20,1
DA:21,1
DA:22,1
DA:26,2
DA:27,1
DA:32,1
DA:33,1
DA:34,1
DA:37,1
LF:12
LH:12
end_of_record
SF:lib/models/event.dart
DA:23,3
DA:39,2
DA:41,1
DA:42,1
DA:43,1
DA:44,1
DA:45,1
DA:46,2
DA:47,1
DA:48,1
DA:49,2
DA:50,1
DA:51,1
DA:52,3
DA:53,1
DA:54,1
DA:55,1
DA:56,1
DA:58,2
DA:59,1
DA:60,1
DA:61,1
DA:65,1
DA:66,1
DA:67,1
DA:68,1
DA:69,1
DA:70,2
DA:71,1
DA:72,1
DA:73,2
DA:74,1
DA:75,5
DA:76,1
DA:77,1
DA:78,2
DA:79,1
DA:80,1
DA:81,1
DA:85,1
DA:86,1
DA:88,2
DA:89,1
DA:90,2
DA:91,2
DA:92,2
DA:93,2
DA:94,2
DA:97,3
DA:98,1
DA:109,1
DA:126,1
DA:127,1
DA:128,1
DA:129,1
DA:130,1
DA:131,1
DA:132,1
DA:133,1
DA:134,2
DA:135,2
DA:136,1
DA:137,2
DA:138,1
DA:139,1
DA:140,1
DA:141,2
LF:67
LH:67
end_of_record
SF:lib/models/honorsociety.dart
DA:13,5
DA:24,1
DA:25,1
DA:26,1
DA:27,1
DA:28,1
DA:29,1
DA:30,1
DA:31,3
DA:32,1
DA:33,1
DA:34,2
DA:35,1
LF:13
LH:13
end_of_record
SF:lib/models/hourrequirement.dart
DA:9,5
DA:18,4
DA:19,4
DA:20,4
DA:21,4
DA:22,8
DA:23,4
DA:24,4
DA:25,4
LF:9
LH:9
end_of_record
SF:lib/models/timeslot.dart
DA:16,5
DA:25,4
DA:27,2
DA:28,2
DA:29,2
DA:30,4
DA:31,4
DA:32,2
DA:33,2
DA:34,2
DA:35,2
DA:36,4
DA:37,2
DA:38,2
DA:47,2
DA:48,4
DA:52,2
DA:53,2
DA:55,2
DA:57,2
DA:58,2
DA:59,2
DA:60,1
DA:67,2
DA:68,2
DA:69,2
DA:75,4
DA:76,4
DA:77,2
DA:78,2
DA:79,2
DA:80,4
DA:81,8
DA:85,4
DA:86,4
DA:87,4
DA:88,4
DA:89,2
DA:90,2
DA:91,2
DA:98,1
DA:108,1
DA:109,2
DA:110,1
DA:111,1
DA:112,1
DA:113,1
DA:114,1
DA:115,1
DA:116,2
LF:50
LH:50
end_of_record
SF:lib/models/userprofile.dart
DA:10,1
LF:1
LH:1
end_of_record
SF:lib/providers/societyprovider.dart
DA:17,8
DA:20,6
DA:26,4
DA:30,2
DA:34,6
DA:37,4
DA:41,4
DA:42,7
DA:43,4
DA:46,2
DA:47,2
DA:48,8
DA:54,2
DA:55,4
DA:56,2
DA:57,2
DA:58,2
DA:59,8
DA:63,4
DA:66,2
DA:70,2
DA:73,4
DA:75,12
DA:77,4
DA:80,2
DA:81,2
DA:82,2
DA:87,4
DA:88,4
DA:89,4
DA:90,4
DA:93,16
DA:95,2
DA:96,4
DA:97,2
DA:98,2
DA:99,2
DA:100,2
DA:105,12
DA:107,4
DA:108,4
DA:109,4
DA:128,4
DA:130,16
DA:134,7
DA:136,8
DA:137,4
DA:139,7
DA:140,3
DA:141,3
DA:142,9
DA:143,3
DA:145,3
DA:146,3
DA:147,3
DA:148,3
DA:149,3
DA:151,3
DA:152,3
DA:153,6
DA:156,6
DA:157,9
DA:168,8
DA:169,4
DA:170,4
DA:172,9
DA:173,9
DA:174,9
DA:176,12
DA:179,19
DA:181,4
DA:183,4
DA:184,4
DA:185,4
DA:187,3
DA:188,2
DA:189,1
DA:190,1
DA:191,1
DA:196,1
DA:197,1
DA:198,1
DA:199,1
DA:202,3
DA:205,2
DA:206,3
DA:207,0
DA:208,0
DA:211,0
DA:213,0
DA:216,3
DA:217,2
DA:218,2
DA:219,1
DA:220,1
DA:223,0
DA:225,0
DA:226,0
DA:230,0
DA:231,0
DA:232,0
DA:233,0
DA:253,0
DA:254,0
DA:255,0
DA:257,0
DA:258,0
DA:259,0
DA:260,0
DA:262,0
DA:263,0
DA:264,0
DA:265,0
DA:266,0
DA:268,0
DA:269,0
DA:270,0
DA:273,0
DA:274,0
DA:276,0
DA:279,1
DA:281,1
DA:282,1
DA:284,0
DA:285,0
DA:286,0
DA:287,0
DA:292,1
DA:293,1
DA:295,1
DA:296,1
DA:299,2
DA:300,3
DA:301,2
DA:303,3
DA:319,2
DA:321,1
DA:322,3
DA:323,1
DA:325,2
DA:326,1
DA:327,1
DA:328,1
DA:329,1
DA:331,1
DA:332,1
DA:333,2
DA:337,5
DA:338,2
DA:339,3
DA:342,2
DA:344,1
DA:345,1
DA:347,3
DA:348,1
DA:349,1
DA:354,1
DA:355,1
DA:358,4
DA:361,2
DA:362,3
DA:364,1
DA:365,1
DA:366,1
DA:367,1
DA:368,3
DA:369,1
DA:371,2
DA:372,4
DA:381,3
DA:382,2
DA:387,1
DA:389,4
DA:390,2
DA:392,2
DA:394,1
DA:395,1
DA:400,3
DA:406,1
DA:409,4
DA:412,3
DA:415,3
DA:422,3
DA:425,1
DA:430,3
DA:436,1
DA:438,1
DA:441,1
DA:442,1
DA:443,2
DA:444,2
DA:451,1
DA:452,1
DA:456,1
DA:457,3
DA:458,1
DA:463,3
DA:469,1
DA:476,1
DA:479,4
DA:485,1
DA:488,1
DA:489,2
DA:490,4
DA:491,2
DA:492,4
DA:500,1
DA:505,3
DA:511,1
DA:512,1
DA:513,2
DA:514,1
DA:515,1
DA:516,1
DA:517,1
DA:518,1
DA:521,1
DA:522,1
DA:523,1
LF:219
LH:186
end_of_record
SF:lib/common/nhsformatutils.dart
DA:8,0
DA:9,0
DA:13,0
DA:14,0
DA:17,0
DA:18,0
DA:20,0
DA:21,0
DA:26,1
DA:27,1
LF:10
LH:2
end_of_record
SF:lib/logic/hours.dart
DA:20,3
DA:21,12
DA:22,12
DA:24,3
DA:25,3
DA:26,3
DA:29,3
DA:33,2
DA:34,6
DA:47,3
DA:48,3
DA:49,6
DA:53,1
DA:54,3
DA:59,4
DA:60,8
LF:16
LH:16
end_of_record
SF:lib/common/app_design.dart
DA:15,6
DA:16,12
DA:17,9
DA:18,3
DA:19,3
DA:41,2
DA:42,1
DA:43,4
DA:49,0
DA:50,0
DA:51,0
LF:11
LH:8
end_of_record
SF:lib/common/customnavigationbar.dart
DA:11,2
DA:31,1
DA:38,1
DA:40,1
DA:42,1
DA:44,1
DA:45,1
DA:46,1
DA:47,1
DA:48,2
DA:49,1
DA:50,1
DA:51,3
DA:57,1
DA:59,1
DA:60,1
DA:62,1
DA:64,1
DA:66,5
DA:67,1
DA:68,1
DA:69,1
DA:71,2
DA:72,1
DA:73,1
DA:74,2
DA:75,1
DA:76,1
DA:77,2
DA:80,1
DA:95,1
DA:101,1
DA:103,1
DA:105,2
DA:107,1
DA:108,1
DA:109,1
DA:110,2
DA:111,2
DA:115,3
DA:117,1
DA:119,1
DA:120,1
DA:124,1
DA:125,1
DA:126,1
DA:128,1
DA:130,1
DA:132,1
DA:134,1
DA:137,2
DA:138,1
DA:139,1
DA:140,2
DA:142,1
DA:143,1
DA:144,1
DA:152,1
DA:153,1
DA:156,1
DA:157,1
DA:159,1
DA:160,4
DA:164,1
LF:64
LH:64
end_of_record
SF:lib/providers/hapticsprovider.dart
DA:9,2
DA:14,6
DA:15,6
DA:16,6
DA:18,9
DA:20,6
DA:21,6
DA:25,6
DA:27,6
DA:28,12
DA:29,6
DA:31,0
DA:36,1
DA:38,1
DA:39,1
DA:41,1
DA:42,1
DA:46,1
DA:49,0
DA:54,3
DA:55,3
DA:56,3
DA:61,1
DA:62,1
DA:63,1
DA:68,1
DA:69,1
DA:70,1
DA:75,1
DA:76,1
DA:77,1
DA:82,1
DA:83,1
DA:84,1
DA:89,1
DA:90,1
DA:91,1
DA:96,1
DA:97,1
DA:98,1
DA:103,0
DA:104,0
DA:105,0
DA:110,0
DA:111,0
DA:112,0
LF:46
LH:38
end_of_record
SF:lib/providers/notificationsprovider.dart
DA:21,0
DA:22,0
DA:23,0
DA:24,0
DA:25,0
DA:26,2
DA:28,6
DA:29,6
DA:32,6
DA:33,6
DA:34,12
DA:35,12
DA:36,12
DA:37,12
DA:38,12
DA:39,12
DA:40,6
DA:43,0
DA:44,0
DA:46,0
DA:48,0
DA:49,0
DA:50,0
DA:53,0
DA:54,0
DA:56,0
DA:57,0
DA:59,0
DA:60,0
DA:61,0
DA:65,1
DA:66,1
DA:67,1
DA:68,1
DA:69,1
DA:72,0
DA:73,0
DA:74,0
DA:75,0
DA:76,0
DA:77,0
DA:80,0
DA:81,0
DA:82,0
DA:83,0
DA:84,0
DA:85,0
DA:88,0
DA:89,0
DA:90,0
DA:91,0
DA:92,0
DA:93,0
DA:99,0
DA:100,0
DA:101,0
DA:102,0
DA:103,0
DA:107,1
DA:108,1
DA:109,1
DA:110,1
DA:111,1
DA:114,1
DA:115,1
DA:117,1
DA:118,1
DA:119,1
DA:120,1
DA:121,1
DA:122,1
DA:123,1
DA:124,1
LF:73
LH:32
end_of_record
SF:lib/services/notification_service.dart
DA:20,0
DA:24,1
DA:25,3
DA:45,0
DA:46,0
DA:47,0
DA:50,0
DA:51,0
DA:53,0
DA:54,0
DA:61,0
DA:62,0
DA:65,0
DA:66,0
DA:67,0
DA:69,0
DA:71,0
DA:72,0
DA:74,0
DA:90,0
DA:92,0
DA:95,0
DA:99,0
DA:100,0
DA:101,0
DA:104,0
DA:107,0
DA:109,0
DA:113,0
DA:119,0
DA:128,0
DA:131,0
DA:132,0
DA:134,0
DA:140,0
DA:141,0
DA:142,0
DA:143,0
DA:152,0
DA:153,0
DA:154,0
DA:156,0
DA:158,0
DA:159,0
DA:161,0
DA:162,0
DA:167,0
DA:174,0
DA:175,0
DA:177,0
DA:199,0
DA:206,0
DA:210,0
DA:211,0
DA:227,0
DA:229,0
DA:231,0
DA:232,0
DA:234,0
DA:235,0
DA:236,0
DA:239,0
DA:240,0
DA:241,0
DA:244,0
DA:245,0
DA:247,0
DA:249,0
DA:252,0
DA:254,0
DA:256,0
DA:264,0
DA:269,0
DA:271,0
DA:272,0
DA:274,0
DA:278,0
DA:280,0
DA:284,0
DA:285,0
DA:286,0
DA:287,0
DA:291,0
DA:292,0
DA:293,0
DA:296,0
DA:297,0
DA:300,0
DA:301,0
DA:302,0
DA:303,0
DA:305,0
LF:92
LH:2
end_of_record
SF:lib/providers/themenotifier.dart
DA:6,2
DA:8,1
DA:9,1
DA:10,1
LF:4
LH:4
end_of_record
SF:lib/providers/themeprovider.dart
DA:33,4
DA:36,3
DA:37,3
DA:38,3
DA:39,4
DA:41,6
DA:42,6
DA:46,1
DA:47,1
DA:48,1
DA:49,1
DA:57,6
DA:58,6
DA:59,6
DA:60,12
DA:61,12
DA:63,1
DA:65,6
DA:72,1
DA:73,1
DA:74,3
DA:78,2
DA:80,2
DA:82,2
DA:84,2
DA:86,2
DA:88,2
DA:90,2
DA:92,2
DA:94,2
DA:96,2
DA:98,2
DA:100,2
DA:102,2
DA:104,2
DA:106,2
DA:108,2
DA:110,2
DA:112,2
DA:114,2
DA:116,2
DA:122,1
DA:124,1
DA:126,1
DA:128,1
DA:130,1
DA:132,1
DA:134,1
DA:136,1
DA:138,1
DA:140,1
DA:142,1
DA:144,1
DA:146,1
DA:148,1
DA:150,1
DA:152,1
DA:154,1
DA:156,1
DA:158,1
DA:160,1
DA:166,2
DA:168,2
DA:170,2
DA:172,2
DA:174,2
DA:176,2
DA:178,2
DA:180,2
DA:182,2
DA:184,2
DA:186,2
DA:188,2
DA:190,2
DA:192,2
DA:194,2
DA:196,2
DA:198,2
DA:200,2
DA:202,2
DA:204,2
DA:210,1
DA:211,1
DA:212,1
DA:213,1
DA:214,1
DA:215,1
DA:216,1
DA:217,1
DA:218,1
DA:219,1
DA:220,1
DA:221,1
DA:222,1
DA:223,1
DA:224,1
DA:225,1
DA:226,1
DA:227,1
DA:228,1
DA:229,1
DA:230,1
DA:231,1
DA:232,1
DA:233,1
DA:234,1
DA:235,1
DA:236,1
DA:237,1
DA:238,1
DA:239,1
DA:240,1
DA:241,1
DA:242,1
DA:243,1
DA:244,1
DA:245,1
DA:246,1
DA:247,1
DA:248,1
DA:249,1
DA:254,1
DA:255,1
DA:262,1
DA:263,2
DA:264,1
DA:272,1
DA:273,2
DA:274,1
DA:281,1
DA:290,1
DA:291,1
DA:322,1
DA:323,1
DA:354,1
DA:355,1
DA:386,1
DA:387,1
DA:418,1
DA:419,1
DA:450,1
DA:451,1
DA:482,1
DA:483,1
DA:514,1
DA:515,1
DA:546,1
DA:547,1
DA:578,1
DA:579,1
DA:610,1
DA:611,1
DA:642,1
DA:643,1
DA:674,1
DA:675,1
DA:706,1
DA:707,1
DA:738,1
DA:739,1
DA:770,1
DA:771,1
LF:162
LH:162
end_of_record
SF:lib/services/firebase_messaging_service.dart
DA:11,0
DA:13,0
DA:14,0
DA:18,0
DA:19,0
DA:28,0
DA:29,0
DA:30,0
DA:33,0
DA:34,0
DA:36,0
DA:38,0
DA:39,0
DA:40,0
DA:44,0
DA:46,0
DA:47,0
DA:48,0
DA:50,0
DA:51,0
DA:52,0
DA:53,0
DA:56,0
DA:61,0
DA:62,0
DA:66,0
DA:68,0
DA:71,0
DA:72,0
DA:75,0
DA:76,0
DA:77,0
DA:84,0
DA:85,0
DA:87,0
DA:88,0
DA:90,0
DA:95,0
DA:97,0
DA:102,0
DA:106,0
DA:107,0
DA:108,0
DA:110,0
DA:115,0
DA:116,0
DA:118,0
DA:120,0
DA:124,0
DA:125,0
DA:126,0
DA:127,0
LF:52
LH:0
end_of_record
SF:lib/logic/relative_time.dart
DA:22,1
DA:23,3
DA:25,2
DA:26,2
DA:27,2
DA:28,3
DA:29,2
DA:30,2
DA:31,4
DA:32,2
DA:33,4
DA:34,2
DA:35,4
DA:45,1
DA:46,3
DA:48,2
DA:49,2
DA:50,2
DA:51,2
DA:52,2
DA:53,2
DA:54,2
DA:55,2
LF:23
LH:23
end_of_record
SF:lib/common/app_form.dart
DA:18,1
DA:27,4
DA:30,1
DA:32,2
DA:34,2
DA:35,1
DA:36,1
DA:38,4
DA:40,1
DA:53,1
DA:57,3
DA:62,2
DA:81,1
DA:90,1
DA:91,1
DA:95,1
DA:99,2
DA:100,1
DA:103,1
DA:105,2
DA:106,2
DA:107,2
DA:108,2
DA:109,2
DA:110,3
DA:112,1
DA:115,1
DA:117,1
DA:118,1
DA:123,1
DA:124,2
DA:125,1
DA:129,1
DA:136,1
DA:137,1
DA:138,0
DA:139,0
DA:142,1
DA:143,1
DA:145,1
DA:146,1
DA:147,1
DA:148,1
DA:154,1
DA:155,1
DA:162,1
DA:165,1
DA:166,1
DA:168,1
DA:169,1
DA:170,4
DA:171,1
DA:172,2
DA:182,1
DA:183,4
DA:200,0
DA:206,0
DA:208,1
DA:210,1
DA:212,1
DA:213,4
DA:215,1
DA:217,1
DA:233,1
DA:240,1
DA:242,1
DA:244,2
DA:245,3
DA:247,1
DA:248,1
DA:249,2
DA:250,2
DA:252,1
DA:253,1
DA:255,1
DA:256,1
DA:257,2
DA:259,1
DA:268,1
DA:269,1
DA:270,3
DA:272,1
DA:273,1
DA:274,2
DA:278,4
DA:280,2
DA:284,2
DA:299,1
DA:305,1
DA:307,1
DA:309,1
DA:311,1
DA:312,1
DA:313,3
DA:315,1
DA:316,0
DA:317,0
DA:318,0
DA:319,0
DA:323,1
DA:324,1
DA:325,2
DA:326,2
DA:343,0
DA:351,0
DA:353,0
DA:355,0
DA:356,0
DA:357,0
DA:358,0
DA:359,0
DA:360,0
DA:362,0
DA:363,0
DA:365,0
DA:372,0
DA:378,0
DA:381,0
DA:382,0
DA:384,0
LF:120
LH:95
end_of_record
SF:lib/common/app_widgets.dart
DA:14,3
DA:22,3
DA:24,3
DA:26,6
DA:28,3
DA:29,3
DA:30,3
DA:31,4
DA:34,3
DA:35,3
DA:36,3
DA:40,3
DA:41,1
DA:42,1
DA:43,2
DA:59,1
DA:65,1
DA:67,2
DA:69,2
DA:72,8
DA:73,4
DA:74,2
DA:75,2
DA:76,2
DA:95,1
DA:108,1
DA:110,1
DA:112,1
DA:113,1
DA:114,1
DA:115,1
DA:116,1
DA:117,1
DA:118,1
DA:119,1
DA:120,1
DA:121,1
DA:122,1
DA:123,1
DA:124,1
DA:125,1
DA:126,1
DA:129,3
DA:141,0
DA:146,0
DA:148,1
DA:150,2
DA:151,1
DA:152,1
DA:153,1
DA:154,1
DA:155,1
DA:156,1
DA:157,2
DA:158,1
DA:159,1
DA:160,2
DA:166,1
DA:177,0
DA:182,0
DA:184,1
DA:186,2
DA:187,1
DA:189,1
DA:190,2
DA:191,1
DA:192,1
DA:193,1
DA:194,2
DA:198,3
DA:209,3
DA:214,3
DA:216,2
DA:218,2
DA:220,2
DA:221,2
DA:222,2
DA:223,3
DA:224,1
DA:225,1
DA:226,3
DA:230,2
DA:231,2
DA:232,8
DA:238,3
DA:240,1
DA:241,1
DA:242,4
DA:243,3
LF:89
LH:85
end_of_record
SF:lib/common/iconselector.dart
DA:10,0
DA:14,0
DA:16,0
DA:17,0
DA:23,0
DA:25,0
DA:26,0
DA:28,0
DA:29,0
DA:34,0
DA:35,0
DA:42,0
DA:44,0
DA:46,0
DA:52,0
DA:53,0
DA:54,0
DA:55,0
DA:57,0
DA:58,0
DA:60,0
DA:61,0
DA:63,0
DA:64,0
DA:66,0
DA:67,0
DA:69,0
DA:70,0
DA:71,0
DA:73,0
DA:75,0
DA:77,0
DA:78,0
DA:81,0
DA:83,0
DA:85,0
DA:89,0
DA:90,0
DA:101,0
DA:104,0
DA:110,0
DA:112,0
DA:114,0
DA:115,0
DA:116,0
DA:118,0
DA:120,0
DA:121,0
DA:122,0
DA:123,0
DA:125,0
DA:182,3
DA:183,5
LF:53
LH:2
end_of_record
SF:lib/common/iconutils.dart
DA:20,2
DA:22,4
DA:23,2
DA:30,3
DA:32,3
DA:35,2
DA:39,4
DA:41,2
DA:42,4
DA:43,2
DA:44,1
DA:51,1
DA:56,2
DA:59,4
DA:60,8
DA:61,2
DA:66,2
DA:67,1
DA:68,3
DA:69,3
DA:70,1
DA:75,1
DA:78,2
DA:79,2
DA:80,2
DA:97,2
DA:98,2
DA:100,3
DA:103,2
DA:106,1
DA:109,2
DA:112,2
DA:115,1
DA:118,2
DA:121,2
DA:124,2
DA:127,1
DA:130,1
DA:133,2
DA:136,2
DA:139,2
DA:142,1
LF:42
LH:42
end_of_record
SF:lib/common/normalizetype.dart
DA:2,5
DA:5,5
DA:6,5
DA:7,15
DA:8,15
DA:9,20
DA:11,5
LF:7
LH:7
end_of_record
SF:lib/common/progress_bars.dart
DA:8,2
DA:10,2
DA:12,2
DA:14,4
DA:15,8
DA:17,2
DA:19,2
DA:21,2
DA:22,2
DA:24,2
DA:26,2
DA:27,2
DA:28,2
DA:29,2
DA:32,3
DA:33,6
DA:36,2
DA:37,2
DA:38,2
DA:41,6
DA:48,2
DA:49,4
DA:50,2
DA:54,3
DA:55,6
DA:64,2
DA:65,2
DA:67,2
DA:69,2
DA:70,6
DA:71,2
DA:76,2
DA:79,2
DA:81,2
DA:83,2
DA:84,2
DA:86,2
DA:88,2
DA:89,2
DA:90,2
DA:91,2
DA:92,2
DA:93,2
DA:101,2
DA:104,2
DA:106,2
DA:108,2
DA:109,2
DA:111,2
DA:113,2
DA:115,3
DA:116,2
DA:117,2
DA:118,2
DA:119,2
DA:120,2
DA:130,2
DA:131,1
DA:133,1
DA:134,1
DA:135,1
DA:138,1
DA:139,1
DA:140,1
DA:141,1
DA:144,1
DA:145,2
DA:146,1
DA:148,1
DA:149,1
DA:150,1
DA:151,1
DA:155,1
DA:156,1
DA:158,1
DA:159,1
DA:162,3
DA:165,1
DA:167,1
DA:169,3
DA:187,2
DA:189,2
DA:190,4
DA:192,2
DA:194,4
DA:195,8
DA:197,2
DA:199,2
DA:201,2
DA:202,2
DA:204,2
DA:206,2
DA:207,2
DA:208,2
DA:212,3
DA:213,6
DA:216,2
DA:218,2
DA:221,6
DA:228,2
DA:229,2
DA:230,2
DA:234,3
DA:235,6
DA:244,2
DA:247,2
DA:249,4
DA:251,2
DA:252,2
DA:253,2
DA:255,2
DA:257,2
DA:258,6
DA:259,2
DA:264,2
DA:266,2
DA:268,2
DA:270,3
DA:271,2
DA:272,2
DA:273,2
DA:274,2
DA:275,2
DA:284,2
DA:285,1
DA:287,1
DA:288,1
DA:289,1
DA:292,1
DA:293,1
DA:294,1
DA:295,1
DA:298,1
DA:299,1
DA:300,1
DA:302,1
DA:303,1
DA:304,1
DA:305,1
DA:309,0
DA:310,0
DA:312,0
DA:313,0
DA:316,0
DA:319,0
DA:321,0
DA:323,0
LF:147
LH:139
end_of_record
SF:lib/bulkediteventspage.dart
DA:14,2
DA:16,0
DA:17,0
DA:32,0
DA:34,0
DA:35,0
DA:38,0
DA:39,0
DA:44,0
DA:46,0
DA:51,0
DA:54,0
DA:57,0
DA:59,0
DA:60,0
DA:61,0
DA:62,0
DA:63,0
DA:64,0
DA:65,0
DA:66,0
DA:70,0
DA:71,0
DA:72,0
DA:73,0
DA:80,0
DA:81,0
DA:82,0
DA:83,0
DA:84,0
DA:85,0
DA:86,0
DA:87,0
DA:88,0
DA:90,0
DA:93,0
DA:95,0
DA:96,0
DA:97,0
DA:100,0
DA:101,0
DA:105,0
DA:106,0
DA:108,0
DA:109,0
DA:110,0
DA:111,0
DA:112,0
DA:113,0
DA:116,0
DA:117,0
DA:121,0
DA:122,0
DA:124,0
DA:133,0
DA:135,0
DA:136,0
DA:144,0
DA:146,0
DA:150,0
DA:151,0
DA:154,0
DA:156,0
DA:157,0
DA:160,0
DA:162,0
DA:163,0
DA:166,0
DA:169,0
DA:170,0
DA:171,0
DA:172,0
DA:173,0
DA:174,0
DA:178,0
DA:179,0
DA:183,0
DA:184,0
DA:185,0
DA:186,0
DA:187,0
DA:196,0
DA:197,0
DA:200,0
DA:201,0
DA:203,0
DA:206,0
DA:211,0
DA:212,0
DA:214,0
DA:217,0
DA:218,0
DA:222,0
DA:223,0
DA:224,0
DA:225,0
DA:233,0
DA:234,0
DA:238,0
DA:240,0
DA:247,0
DA:248,0
DA:249,0
DA:250,0
DA:251,0
DA:253,0
DA:257,0
DA:258,0
DA:260,0
DA:261,0
DA:266,0
DA:270,0
DA:272,0
DA:273,0
DA:274,0
DA:275,0
DA:277,0
DA:278,0
DA:279,0
DA:280,0
DA:282,0
DA:283,0
DA:288,0
DA:291,0
DA:293,0
DA:296,0
DA:298,0
DA:300,0
DA:301,0
DA:302,0
DA:304,0
DA:307,0
DA:312,0
DA:319,0
DA:320,0
DA:323,0
DA:327,0
DA:332,0
DA:335,0
DA:337,0
DA:338,0
DA:339,0
DA:340,0
DA:341,0
DA:348,0
DA:349,0
DA:350,0
DA:352,0
DA:353,0
DA:354,0
DA:358,0
DA:359,0
DA:361,0
DA:362,0
DA:363,0
DA:364,0
DA:367,0
DA:368,0
DA:369,0
DA:370,0
DA:371,0
DA:373,0
DA:374,0
DA:385,0
DA:387,0
DA:388,0
DA:390,0
DA:391,0
DA:392,0
DA:394,0
DA:396,0
DA:397,0
DA:398,0
DA:402,0
DA:404,0
DA:406,0
DA:407,0
DA:408,0
DA:410,0
DA:412,0
DA:413,0
DA:415,0
DA:416,0
DA:417,0
DA:418,0
DA:421,0
DA:422,0
DA:426,0
DA:427,0
DA:428,0
DA:431,0
DA:432,0
DA:433,0
DA:435,0
DA:437,0
DA:450,0
DA:451,0
DA:452,0
DA:453,0
DA:455,0
DA:457,0
DA:458,0
DA:459,0
DA:462,0
DA:463,0
DA:469,0
DA:471,0
DA:472,0
DA:473,0
DA:474,0
DA:475,0
DA:476,0
DA:477,0
DA:478,0
DA:480,0
DA:481,0
DA:482,0
DA:484,0
DA:489,0
DA:490,0
DA:491,0
DA:497,0
DA:498,0
DA:499,0
DA:500,0
DA:501,0
DA:504,0
DA:507,0
DA:508,0
DA:509,0
DA:510,0
DA:511,0
DA:520,0
DA:521,0
DA:523,0
DA:525,0
DA:526,0
DA:527,0
DA:528,0
DA:530,0
DA:531,0
DA:533,0
DA:535,0
DA:540,0
DA:541,0
DA:542,0
DA:543,0
DA:545,0
DA:546,0
DA:547,0
DA:554,0
DA:555,0
DA:556,0
DA:558,0
DA:564,0
DA:566,0
DA:567,0
DA:568,0
DA:570,0
DA:571,0
DA:572,0
DA:574,0
DA:580,0
DA:581,0
DA:583,0
DA:585,0
DA:586,0
DA:588,0
DA:589,0
DA:591,0
DA:593,0
DA:596,0
DA:600,0
DA:602,0
DA:604,0
DA:608,0
DA:611,0
DA:612,0
DA:613,0
DA:615,0
DA:617,0
LF:281
LH:1
end_of_record
SF:lib/models/affecteduser.dart
DA:5,0
LF:1
LH:0
end_of_record
SF:lib/models/customeventgroup.dart
DA:11,0
LF:1
LH:0
end_of_record
SF:lib/models/logactivity.dart
DA:19,0
DA:30,0
DA:36,0
DA:42,0
LF:4
LH:0
end_of_record
SF:lib/common/app_validators.dart
DA:12,0
DA:15,1
DA:16,2
DA:24,1
DA:25,1
DA:26,1
DA:28,1
DA:30,1
DA:31,1
DA:38,1
DA:39,2
DA:41,1
DA:45,1
DA:46,1
DA:47,1
DA:49,1
DA:50,1
DA:56,1
DA:57,1
DA:58,1
DA:59,1
DA:67,1
DA:68,1
DA:69,1
DA:71,1
DA:72,2
DA:78,1
DA:80,2
DA:82,1
DA:91,1
DA:92,1
DA:93,1
DA:95,1
DA:96,1
DA:102,1
DA:103,1
DA:104,2
DA:105,1
DA:111,1
DA:112,1
DA:115,1
LF:41
LH:40
end_of_record
SF:lib/common/customexpansiontile.dart
DA:4,0
DA:12,0
DA:15,0
DA:16,0
DA:17,0
LF:5
LH:0
end_of_record
SF:lib/common/graduationyearutils.dart
DA:13,10
DA:14,10
DA:17,1
DA:18,1
DA:19,1
DA:23,1
DA:24,2
DA:28,4
DA:29,3
LF:9
LH:9
end_of_record
SF:lib/exporttoexcel.dart
DA:14,0
DA:19,0
DA:21,0
DA:28,0
DA:29,0
DA:33,0
DA:36,0
DA:37,0
DA:38,0
DA:39,0
DA:41,0
DA:42,0
DA:43,0
DA:46,0
DA:47,0
DA:48,0
DA:52,0
DA:53,0
DA:54,0
DA:55,0
DA:56,0
DA:57,0
DA:60,0
DA:61,0
DA:62,0
DA:63,0
DA:68,0
DA:69,0
DA:71,0
DA:72,0
DA:74,0
DA:75,0
DA:77,0
DA:78,0
DA:83,0
DA:84,0
DA:85,0
DA:87,0
DA:90,0
DA:92,0
DA:94,0
DA:95,0
DA:96,0
DA:97,0
DA:98,0
DA:105,0
DA:110,0
DA:111,0
DA:112,0
DA:113,0
DA:115,0
DA:124,0
DA:125,0
DA:126,0
DA:128,0
DA:129,0
DA:134,0
DA:137,0
DA:139,0
DA:140,0
DA:143,0
DA:144,0
DA:148,0
DA:154,0
DA:165,0
DA:166,0
DA:167,0
DA:170,0
DA:171,0
DA:174,0
DA:175,0
DA:176,0
DA:177,0
DA:185,0
DA:186,0
DA:187,0
DA:188,0
DA:189,0
DA:193,0
DA:201,0
DA:202,0
DA:203,0
DA:206,0
DA:207,0
DA:208,0
DA:211,0
DA:212,0
DA:213,0
DA:216,0
DA:217,0
DA:218,0
DA:221,0
DA:222,0
DA:223,0
DA:226,0
DA:227,0
DA:228,0
DA:231,0
DA:232,0
DA:234,0
DA:236,0
DA:237,0
DA:238,0
DA:242,0
DA:244,0
DA:245,0
DA:246,0
DA:249,0
DA:253,0
DA:254,0
DA:258,0
DA:263,0
DA:265,0
DA:266,0
DA:267,0
DA:268,0
DA:269,0
DA:270,0
DA:272,0
DA:278,0
DA:279,0
LF:121
LH:0
end_of_record
SF:lib/logic/attendance.dart
DA:15,1
DA:34,2
DA:35,1
DA:36,1
DA:37,1
DA:38,1
DA:39,2
DA:40,1
DA:41,1
DA:47,1
DA:62,1
DA:63,2
DA:64,2
DA:65,2
DA:76,1
DA:83,1
DA:84,1
DA:85,1
DA:90,1
DA:92,2
DA:93,3
DA:95,2
DA:97,1
DA:98,2
DA:99,1
DA:100,1
DA:101,1
DA:103,1
DA:104,1
DA:107,1
DA:108,2
DA:112,1
LF:32
LH:32
end_of_record
SF:lib/logic/join_request_sort.dart
DA:22,1
DA:23,3
DA:27,1
DA:29,1
DA:31,1
DA:33,1
DA:35,1
DA:43,1
DA:48,1
DA:50,2
DA:53,1
DA:55,5
DA:57,1
DA:58,3
DA:60,1
DA:61,5
DA:63,1
DA:64,3
DA:66,1
DA:70,1
DA:72,2
DA:73,1
DA:78,1
DA:79,5
DA:81,4
DA:83,2
LF:26
LH:26
end_of_record
SF:lib/models/joinrequest.dart
DA:19,1
DA:37,1
DA:42,1
DA:43,1
DA:44,0
DA:45,1
DA:46,1
DA:47,1
DA:48,1
DA:49,1
DA:50,2
DA:52,2
DA:60,1
DA:61,1
DA:62,1
DA:63,1
DA:64,1
DA:65,1
DA:66,1
DA:67,2
DA:68,2
DA:69,1
DA:70,2
DA:72,1
LF:24
LH:23
end_of_record
SF:lib/logic/notification_routing.dart
DA:13,1
DA:15,1
DA:17,1
DA:19,1
DA:21,1
DA:23,1
LF:6
LH:6
end_of_record
SF:lib/logic/signup_result.dart
DA:29,1
DA:31,1
DA:33,1
DA:35,1
DA:50,1
DA:52,1
DA:54,1
DA:56,1
DA:58,1
LF:9
LH:9
end_of_record
SF:lib/logic/user_filtering.dart
DA:24,0
DA:26,0
DA:28,0
DA:38,0
DA:40,0
DA:42,0
DA:44,0
DA:68,2
DA:78,1
DA:79,1
DA:80,1
DA:83,4
DA:84,1
DA:85,2
DA:86,1
DA:87,4
DA:93,1
DA:94,5
DA:97,1
DA:98,1
DA:99,1
DA:100,5
DA:101,4
DA:106,3
DA:133,1
DA:141,2
DA:142,2
DA:143,6
DA:146,1
DA:147,1
DA:148,1
DA:150,1
DA:151,7
DA:152,1
DA:155,1
DA:156,2
DA:157,3
DA:159,3
DA:160,4
DA:163,2
DA:164,1
DA:165,1
DA:166,1
DA:167,1
DA:168,1
DA:173,4
DA:178,1
DA:180,1
DA:183,2
DA:184,2
DA:185,2
DA:191,1
DA:194,1
DA:195,3
DA:197,1
DA:198,3
DA:200,1
DA:202,0
DA:203,0
DA:205,1
DA:206,0
DA:207,0
DA:209,1
DA:211,0
DA:213,1
DA:219,2
DA:220,3
DA:226,1
DA:227,5
DA:228,4
DA:233,1
DA:234,2
DA:236,1
DA:241,1
DA:242,1
DA:245,1
DA:246,1
DA:251,1
DA:252,0
DA:254,1
DA:255,1
DA:256,1
LF:82
LH:69
end_of_record
SF:lib/models/activitylog.dart
DA:15,1
DA:30,1
DA:31,1
DA:32,1
DA:33,1
DA:34,1
DA:35,2
DA:36,1
DA:37,1
DA:38,2
DA:39,2
DA:40,1
DA:41,1
DA:42,1
DA:43,1
LF:15
LH:15
end_of_record
SF:lib/models/collection.dart
DA:7,1
DA:14,1
DA:15,1
DA:16,1
DA:17,1
DA:18,2
DA:19,2
DA:20,1
LF:8
LH:8
end_of_record
SF:lib/models/completedhour.dart
DA:6,1
LF:1
LH:1
end_of_record
SF:lib/models/continuousevent.dart
DA:17,1
DA:30,0
DA:32,1
DA:33,1
DA:35,3
DA:36,1
DA:37,5
DA:39,1
DA:40,2
DA:41,2
DA:42,1
DA:43,1
DA:44,1
DA:45,1
DA:47,1
DA:48,1
DA:49,1
DA:50,2
DA:51,2
DA:55,0
DA:56,0
DA:57,0
DA:58,0
DA:59,0
DA:60,0
DA:61,0
DA:62,0
DA:63,0
DA:64,0
DA:65,0
DA:66,0
DA:67,0
DA:68,0
DA:72,0
DA:81,0
DA:82,0
DA:83,0
DA:84,0
DA:85,0
DA:86,0
DA:87,0
DA:88,0
DA:90,0
DA:91,0
DA:92,0
DA:93,0
DA:94,0
LF:47
LH:18
end_of_record
SF:lib/models/continuouseventstep.dart
DA:8,1
DA:14,1
DA:15,1
DA:16,2
DA:17,1
DA:18,4
DA:20,1
DA:24,1
DA:25,1
DA:26,2
DA:27,2
DA:28,5
DA:37,1
DA:42,1
DA:43,1
DA:44,1
DA:45,1
LF:17
LH:17
end_of_record
SF:lib/models/continuouseventsubmission.dart
DA:19,1
DA:38,1
DA:39,1
DA:41,3
DA:42,1
DA:45,1
DA:47,3
DA:48,1
DA:51,1
DA:52,2
DA:53,2
DA:54,2
DA:55,1
DA:56,2
DA:57,2
DA:58,1
DA:59,1
DA:60,1
DA:61,1
DA:62,1
DA:63,1
DA:65,0
DA:66,1
DA:67,2
DA:73,3
DA:74,3
DA:75,3
LF:27
LH:26
end_of_record
SF:lib/models/leadershiprole.dart
DA:13,1
DA:26,1
DA:27,1
DA:28,1
DA:29,1
DA:30,1
DA:31,1
DA:32,1
DA:33,1
DA:34,1
DA:35,2
DA:36,1
DA:37,1
DA:41,1
DA:42,1
DA:43,1
DA:44,1
DA:45,1
DA:46,1
DA:47,1
DA:48,1
DA:49,1
DA:50,2
DA:51,1
DA:52,1
DA:56,1
DA:69,1
DA:70,1
DA:71,1
DA:72,1
DA:73,1
DA:74,1
DA:75,1
DA:76,1
DA:77,1
DA:78,1
DA:79,1
LF:37
LH:37
end_of_record
SF:lib/models/meetingnote.dart
DA:8,1
DA:16,1
DA:17,1
DA:18,1
DA:19,1
DA:20,1
DA:21,1
DA:22,2
LF:8
LH:8
end_of_record
SF:lib/models/swaprequest.dart
DA:11,1
DA:22,1
DA:23,1
DA:24,1
DA:25,1
DA:26,1
DA:27,1
DA:28,1
DA:29,1
DA:30,3
DA:31,3
LF:11
LH:11
end_of_record
SF:lib/models/userranking.dart
DA:7,0
LF:1
LH:0
end_of_record
SF:lib/screens/JoinRequestsAdmin.dart
DA:14,4
DA:16,0
DA:17,0
DA:34,0
DA:36,0
DA:37,0
DA:38,0
DA:39,0
DA:42,0
DA:44,0
DA:45,0
DA:46,0
DA:50,0
DA:51,0
DA:52,0
DA:53,0
DA:54,0
DA:60,0
DA:61,0
DA:63,0
DA:64,0
DA:66,0
DA:68,0
DA:69,0
DA:71,0
DA:72,0
DA:74,0
DA:75,0
DA:77,0
DA:79,0
DA:81,0
DA:83,0
DA:85,0
DA:87,0
DA:94,0
DA:95,0
DA:99,0
DA:102,0
DA:103,0
DA:104,0
DA:105,0
DA:111,0
DA:112,0
DA:113,0
DA:114,0
DA:115,0
DA:120,0
DA:121,0
DA:122,0
DA:123,0
DA:127,0
DA:128,0
DA:129,0
DA:130,0
DA:131,0
DA:132,0
DA:133,0
DA:134,0
DA:138,0
DA:140,0
DA:141,0
DA:142,0
DA:143,0
DA:146,0
DA:147,0
DA:148,0
DA:149,0
DA:150,0
DA:151,0
DA:152,0
DA:153,0
DA:154,0
DA:155,0
DA:157,0
DA:161,0
DA:162,0
DA:163,0
DA:165,0
DA:166,0
DA:167,0
DA:168,0
DA:169,0
DA:173,0
DA:174,0
DA:175,0
DA:183,0
DA:184,0
DA:185,0
DA:186,0
DA:187,0
DA:191,0
DA:195,0
DA:196,0
DA:198,0
DA:201,0
DA:203,0
DA:206,0
DA:207,0
DA:209,0
DA:212,0
DA:213,0
DA:218,0
DA:219,0
DA:220,0
DA:221,0
DA:222,0
DA:223,0
DA:225,0
DA:228,0
DA:229,0
DA:230,0
DA:231,0
DA:233,0
DA:238,0
DA:239,0
DA:243,0
DA:244,0
DA:245,0
DA:246,0
DA:247,0
DA:249,0
DA:250,0
DA:253,0
DA:254,0
DA:259,0
DA:261,0
DA:263,0
DA:264,0
DA:265,0
DA:266,0
DA:268,0
DA:272,0
DA:273,0
DA:274,0
DA:277,0
DA:282,0
DA:283,0
DA:284,0
DA:285,0
DA:286,0
DA:290,0
DA:291,0
DA:292,0
DA:293,0
DA:294,0
DA:299,0
DA:301,0
DA:303,0
DA:307,0
DA:308,0
DA:310,0
DA:313,0
DA:314,0
DA:315,0
DA:316,0
DA:319,0
DA:320,0
DA:321,0
DA:322,0
DA:323,0
DA:326,0
DA:329,0
DA:330,0
DA:332,0
DA:333,0
DA:334,0
DA:335,0
DA:336,0
DA:338,0
DA:339,0
DA:342,0
DA:343,0
DA:346,0
DA:347,0
DA:349,0
DA:350,0
DA:351,0
DA:352,0
DA:353,0
DA:357,0
DA:358,0
DA:359,0
DA:362,0
DA:366,0
DA:367,0
DA:368,0
DA:371,0
DA:372,0
DA:374,0
DA:376,0
DA:377,0
DA:378,0
DA:379,0
DA:380,0
DA:382,0
DA:384,0
DA:391,0
DA:397,0
DA:398,0
DA:399,0
DA:400,0
DA:401,0
DA:402,0
DA:404,0
DA:406,0
DA:409,0
DA:410,0
DA:413,0
DA:414,0
DA:416,0
DA:419,0
DA:421,0
DA:422,0
DA:423,0
DA:424,0
DA:425,0
DA:426,0
DA:428,0
DA:430,0
DA:431,0
DA:432,0
DA:433,0
DA:436,0
DA:439,0
DA:441,0
DA:443,0
DA:449,0
DA:452,0
DA:453,0
DA:454,0
DA:455,0
DA:463,0
DA:464,0
DA:465,0
DA:466,0
DA:467,0
DA:468,0
DA:472,0
DA:473,0
DA:474,0
DA:475,0
DA:476,0
DA:478,0
DA:479,0
DA:480,0
DA:482,0
DA:493,0
DA:495,0
DA:496,0
DA:498,0
DA:499,0
DA:500,0
DA:502,0
DA:508,0
DA:509,0
DA:510,0
DA:511,0
DA:512,0
DA:514,0
DA:515,0
DA:516,0
DA:517,0
DA:518,0
DA:519,0
DA:520,0
DA:521,0
DA:523,0
DA:528,0
DA:529,0
DA:543,0
DA:544,0
DA:545,0
DA:547,0
DA:549,0
DA:550,0
DA:552,0
DA:553,0
DA:555,0
DA:558,0
DA:561,0
DA:563,0
DA:565,0
DA:571,0
DA:572,0
DA:575,0
DA:576,0
DA:577,0
DA:580,0
DA:583,0
DA:585,0
DA:586,0
DA:587,0
DA:590,0
DA:592,0
DA:593,0
DA:594,0
DA:599,0
DA:604,0
DA:605,0
DA:606,0
DA:607,0
DA:608,0
DA:609,0
DA:611,0
DA:612,0
DA:614,0
DA:616,0
DA:617,0
DA:620,0
DA:621,0
DA:622,0
DA:623,0
DA:624,0
DA:628,0
DA:630,0
DA:631,0
DA:632,0
DA:635,0
DA:638,0
DA:639,0
DA:640,0
DA:642,0
DA:643,0
DA:644,0
DA:646,0
DA:648,0
DA:653,0
DA:654,0
DA:658,0
DA:659,0
DA:660,0
DA:664,0
DA:668,0
DA:669,0
DA:670,0
DA:675,0
DA:677,0
DA:680,0
DA:682,0
DA:683,0
DA:684,0
DA:690,0
DA:694,0
DA:695,0
DA:696,0
DA:699,0
DA:700,0
DA:701,0
DA:703,0
DA:706,0
DA:708,0
DA:712,0
DA:713,0
DA:715,0
DA:718,0
DA:720,0
DA:728,0
DA:730,0
DA:732,0
DA:733,0
DA:734,0
DA:735,0
DA:737,0
DA:738,0
DA:739,0
DA:746,0
DA:747,0
DA:748,0
DA:749,0
DA:750,0
DA:751,0
DA:753,0
DA:754,0
DA:762,0
DA:763,0
DA:764,0
DA:767,0
DA:768,0
DA:769,0
DA:770,0
DA:771,0
DA:773,0
DA:777,0
DA:778,0
DA:779,0
DA:783,0
DA:785,0
DA:787,0
DA:788,0
DA:789,0
DA:790,0
DA:798,0
DA:799,0
DA:800,0
DA:801,0
DA:803,0
DA:805,0
DA:806,0
DA:808,0
DA:809,0
DA:810,0
DA:812,0
DA:815,0
DA:819,0
DA:821,0
DA:823,0
DA:827,0
DA:831,0
DA:832,0
DA:844,0
DA:845,0
DA:847,0
DA:848,0
DA:850,0
DA:851,0
DA:853,0
DA:854,0
DA:855,0
DA:856,0
DA:858,0
DA:859,0
DA:860,0
DA:861,0
DA:862,0
DA:863,0
DA:864,0
DA:866,0
DA:868,0
DA:874,0
DA:875,0
DA:879,0
DA:881,0
DA:884,0
DA:886,0
DA:899,0
DA:900,0
DA:901,0
DA:902,0
DA:903,0
DA:904,0
DA:906,0
DA:908,0
DA:909,0
DA:910,0
DA:911,0
DA:912,0
DA:913,0
DA:914,0
DA:915,0
DA:918,0
DA:919,0
DA:920,0
DA:921,0
DA:923,0
DA:925,0
DA:930,0
DA:932,0
DA:934,0
DA:935,0
DA:936,0
DA:941,0
DA:942,0
DA:944,0
DA:945,0
DA:946,0
DA:947,0
DA:954,0
DA:956,0
DA:957,0
DA:959,0
DA:966,0
DA:968,0
DA:970,0
DA:975,0
DA:977,0
DA:978,0
DA:979,0
DA:985,0
DA:987,0
DA:988,0
DA:990,0
DA:992,0
DA:997,0
DA:999,0
DA:1000,0
DA:1015,0
DA:1017,0
DA:1018,0
DA:1020,0
DA:1022,0
DA:1023,0
DA:1024,0
DA:1025,0
DA:1027,0
DA:1031,0
DA:1032,0
DA:1033,0
DA:1039,0
DA:1040,0
DA:1041,0
DA:1042,0
DA:1045,0
DA:1047,0
DA:1052,0
DA:1053,0
DA:1057,0
DA:1067,0
DA:1068,0
DA:1070,0
DA:1071,0
DA:1072,0
DA:1076,0
DA:1077,0
DA:1078,0
DA:1080,0
DA:1083,0
DA:1085,0
DA:1087,0
DA:1088,0
DA:1089,0
DA:1090,0
DA:1092,0
DA:1094,0
DA:1095,0
DA:1097,0
DA:1098,0
DA:1099,0
DA:1102,0
DA:1104,0
DA:1109,0
DA:1110,0
DA:1112,0
DA:1113,0
DA:1114,0
DA:1115,0
DA:1116,0
DA:1117,0
DA:1118,0
DA:1120,0
DA:1121,0
DA:1122,0
DA:1123,0
DA:1124,0
DA:1125,0
DA:1129,0
DA:1133,0
DA:1134,0
DA:1135,0
DA:1136,0
DA:1137,0
DA:1138,0
DA:1139,0
DA:1142,0
DA:1144,0
DA:1145,0
DA:1146,0
DA:1147,0
DA:1148,0
DA:1149,0
DA:1157,0
DA:1158,0
DA:1164,0
DA:1165,0
DA:1167,0
DA:1169,0
DA:1180,0
DA:1181,0
DA:1182,0
DA:1184,0
DA:1185,0
DA:1186,0
DA:1188,0
DA:1190,0
DA:1191,0
DA:1193,0
DA:1195,0
DA:1196,0
DA:1197,0
DA:1198,0
DA:1205,0
DA:1206,0
DA:1207,0
DA:1212,0
DA:1213,0
DA:1214,0
DA:1215,0
DA:1217,0
DA:1219,0
DA:1220,0
DA:1222,0
DA:1223,0
DA:1224,0
DA:1236,0
DA:1237,0
DA:1238,0
DA:1241,0
DA:1243,0
DA:1244,0
DA:1246,0
DA:1249,0
DA:1250,0
DA:1251,0
DA:1254,0
DA:1256,0
DA:1259,0
DA:1260,0
DA:1261,0
DA:1270,0
DA:1272,0
DA:1275,0
DA:1276,0
DA:1277,0
DA:1280,0
DA:1281,0
DA:1282,0
DA:1289,0
DA:1290,0
DA:1291,0
DA:1294,0
DA:1295,0
DA:1296,0
DA:1297,0
DA:1298,0
DA:1302,0
DA:1303,0
DA:1304,0
DA:1305,0
DA:1307,0
DA:1314,0
DA:1315,0
DA:1316,0
DA:1317,0
DA:1322,0
DA:1323,0
DA:1324,0
DA:1325,0
DA:1326,0
DA:1327,0
DA:1330,0
DA:1334,0
DA:1335,0
DA:1338,0
DA:1339,0
DA:1341,0
DA:1344,0
DA:1350,0
DA:1351,0
DA:1352,0
DA:1354,0
DA:1357,0
DA:1359,0
DA:1360,0
DA:1361,0
DA:1365,0
DA:1366,0
DA:1368,0
DA:1371,0
DA:1374,0
DA:1375,0
DA:1377,0
DA:1378,0
DA:1380,0
DA:1384,0
DA:1395,0
DA:1397,0
DA:1398,0
DA:1399,0
DA:1400,0
DA:1401,0
DA:1402,0
DA:1403,0
DA:1405,0
DA:1406,0
DA:1407,0
DA:1414,0
DA:1415,0
DA:1417,0
DA:1418,0
DA:1419,0
DA:1420,0
DA:1421,0
DA:1423,0
DA:1427,0
DA:1429,0
DA:1431,0
DA:1433,0
DA:1440,0
DA:1442,0
DA:1444,0
DA:1446,0
DA:1453,0
DA:1454,0
DA:1455,0
DA:1457,0
DA:1458,0
DA:1459,0
DA:1460,0
DA:1461,0
DA:1462,0
DA:1463,0
DA:1464,0
LF:701
LH:1
end_of_record
SF:lib/screens/accountsettingspage.dart
DA:13,0
DA:14,0
DA:15,0
DA:22,4
DA:24,0
DA:25,0
DA:47,0
DA:49,0
DA:50,0
DA:51,0
DA:54,0
DA:56,0
DA:57,0
DA:58,0
DA:59,0
DA:60,0
DA:63,0
DA:64,0
DA:71,0
DA:72,0
DA:73,0
DA:74,0
DA:75,0
DA:77,0
DA:79,0
DA:81,0
DA:85,0
DA:86,0
DA:89,0
DA:90,0
DA:91,0
DA:95,0
DA:96,0
DA:98,0
DA:100,0
DA:109,0
DA:110,0
DA:111,0
DA:112,0
DA:113,0
DA:115,0
DA:117,0
DA:120,0
DA:121,0
DA:124,0
DA:125,0
DA:126,0
DA:127,0
DA:131,0
DA:132,0
DA:133,0
DA:138,0
DA:139,0
DA:140,0
DA:142,0
DA:144,0
DA:149,0
DA:152,0
DA:154,0
DA:156,0
DA:162,0
DA:163,0
DA:164,0
DA:165,0
DA:166,0
DA:171,0
DA:175,0
DA:176,0
DA:179,0
DA:180,0
DA:183,0
DA:184,0
DA:190,0
DA:191,0
DA:193,0
DA:194,0
DA:195,0
DA:201,0
DA:203,0
DA:206,0
DA:208,0
DA:210,0
DA:211,0
DA:214,0
DA:218,0
DA:222,0
DA:227,0
DA:228,0
DA:229,0
DA:231,0
DA:235,0
DA:236,0
DA:239,0
DA:240,0
DA:244,0
DA:245,0
DA:247,0
DA:251,0
DA:255,0
DA:260,0
DA:261,0
DA:262,0
DA:263,0
DA:269,0
DA:272,0
DA:273,0
DA:274,0
DA:276,0
DA:277,0
DA:278,0
DA:280,0
DA:283,0
DA:288,0
DA:291,0
DA:292,0
DA:294,0
DA:295,0
DA:302,0
DA:303,0
DA:308,0
DA:310,0
DA:312,0
DA:314,0
DA:322,0
DA:324,0
DA:325,0
DA:327,0
DA:329,0
DA:334,0
DA:335,0
DA:336,0
DA:341,0
DA:343,0
DA:348,0
DA:351,0
DA:356,0
DA:362,0
DA:363,0
DA:364,0
DA:365,0
DA:366,0
DA:378,0
DA:379,0
DA:381,0
DA:382,0
DA:383,0
DA:385,0
DA:394,0
DA:395,0
DA:397,0
DA:398,0
DA:399,0
DA:401,0
DA:403,0
DA:405,0
DA:415,0
DA:417,0
DA:418,0
DA:419,0
DA:421,0
DA:422,0
DA:423,0
DA:424,0
DA:427,0
DA:447,0
DA:448,0
DA:449,0
DA:450,0
DA:451,0
DA:453,0
DA:454,0
DA:457,0
DA:461,0
DA:463,0
DA:468,0
DA:470,0
DA:471,0
DA:479,0
DA:480,0
DA:482,0
DA:484,0
DA:494,0
DA:495,0
DA:496,0
DA:498,0
DA:500,0
DA:504,0
DA:505,0
DA:510,0
DA:511,0
DA:512,0
DA:513,0
DA:514,0
DA:515,0
DA:516,0
DA:517,0
DA:520,0
DA:521,0
DA:532,0
DA:533,0
DA:534,0
DA:536,0
DA:537,0
DA:540,0
DA:548,0
DA:550,0
DA:551,0
DA:552,0
DA:554,0
DA:555,0
DA:556,0
DA:557,0
DA:560,0
DA:577,0
DA:578,0
DA:580,0
DA:581,0
DA:595,0
DA:596,0
DA:598,0
DA:600,0
DA:602,0
DA:603,0
DA:604,0
DA:606,0
DA:609,0
DA:611,0
DA:618,0
DA:620,0
DA:621,0
DA:627,0
DA:628,0
DA:629,0
DA:631,0
DA:633,0
DA:634,0
DA:635,0
DA:636,0
DA:639,0
DA:640,0
DA:641,0
DA:645,0
DA:646,0
DA:647,0
DA:649,0
DA:650,0
DA:651,0
DA:655,0
DA:656,0
DA:659,0
DA:666,0
DA:667,0
DA:668,0
DA:669,0
DA:672,0
DA:673,0
DA:674,0
DA:678,0
DA:679,0
DA:680,0
DA:682,0
DA:683,0
DA:684,0
DA:688,0
DA:689,0
DA:692,0
DA:694,0
DA:695,0
DA:700,0
DA:702,0
DA:703,0
DA:704,0
DA:706,0
DA:707,0
DA:708,0
DA:709,0
DA:712,0
DA:730,0
DA:732,0
DA:733,0
DA:734,0
DA:735,0
DA:736,0
DA:737,0
DA:738,0
DA:739,0
DA:740,0
DA:741,0
DA:742,0
DA:745,0
DA:747,0
DA:748,0
DA:750,0
DA:752,0
DA:756,0
DA:757,0
DA:759,0
DA:760,0
DA:773,0
DA:774,0
DA:776,0
DA:777,0
DA:778,0
DA:781,0
DA:784,0
DA:786,0
DA:788,0
LF:307
LH:1
end_of_record
SF:lib/screens/activitylogpage.dart
DA:14,2
DA:16,0
DA:17,0
DA:25,0
DA:27,0
DA:28,0
DA:31,0
DA:32,0
DA:33,0
DA:37,0
DA:38,0
DA:39,0
DA:41,0
DA:42,0
DA:43,0
DA:48,0
DA:49,0
DA:50,0
DA:51,0
DA:52,0
DA:54,0
DA:55,0
DA:56,0
DA:57,0
DA:59,0
DA:60,0
DA:61,0
DA:62,0
DA:64,0
DA:65,0
DA:66,0
DA:67,0
DA:70,0
DA:71,0
DA:74,0
DA:75,0
DA:80,0
DA:82,0
DA:83,0
DA:87,0
DA:88,0
DA:89,0
DA:90,0
DA:91,0
DA:92,0
DA:93,0
DA:95,0
DA:96,0
DA:97,0
DA:99,0
DA:102,0
DA:103,0
DA:104,0
DA:105,0
DA:106,0
DA:117,0
DA:118,0
DA:119,0
DA:120,0
DA:121,0
DA:122,0
DA:124,0
DA:126,0
DA:127,0
DA:128,0
DA:130,0
DA:131,0
DA:132,0
DA:133,0
DA:134,0
DA:136,0
DA:137,0
DA:139,0
DA:141,0
DA:142,0
DA:144,0
DA:147,0
DA:148,0
DA:149,0
DA:150,0
DA:154,0
DA:155,0
DA:156,0
DA:159,0
DA:163,0
DA:167,0
DA:168,0
DA:169,0
DA:170,0
DA:171,0
DA:172,0
DA:174,0
DA:176,0
DA:179,0
DA:189,0
DA:191,0
DA:193,0
DA:195,0
DA:196,0
DA:197,0
DA:199,0
DA:200,0
DA:201,0
DA:202,0
DA:204,0
DA:209,0
DA:210,0
DA:211,0
DA:212,0
DA:213,0
DA:215,0
DA:216,0
DA:217,0
DA:218,0
DA:219,0
DA:220,0
DA:221,0
DA:222,0
DA:223,0
DA:224,0
DA:226,0
DA:228,0
DA:230,0
DA:232,0
DA:235,0
DA:236,0
DA:237,0
DA:238,0
DA:247,0
DA:248,0
DA:249,0
DA:251,0
DA:256,0
DA:258,0
DA:259,0
DA:262,0
DA:263,0
DA:270,0
DA:274,0
DA:275,0
DA:276,0
DA:277,0
DA:279,0
DA:293,0
DA:298,0
DA:300,0
DA:302,0
DA:303,0
DA:306,0
DA:307,0
DA:310,0
DA:311,0
DA:324,0
DA:329,0
DA:330,0
DA:331,0
DA:333,0
DA:336,0
DA:338,0
DA:341,0
DA:343,0
DA:346,0
DA:351,0
DA:353,0
DA:356,0
DA:358,0
DA:361,0
DA:363,0
DA:366,0
DA:368,0
DA:371,0
DA:373,0
DA:376,0
DA:378,0
DA:384,0
DA:388,0
DA:390,0
DA:391,0
DA:392,0
DA:393,0
DA:395,0
DA:396,0
DA:397,0
DA:399,0
DA:400,0
DA:401,0
DA:402,0
DA:405,0
DA:406,0
DA:407,0
DA:413,0
DA:415,0
DA:416,0
DA:417,0
DA:418,0
DA:419,0
DA:420,0
LF:197
LH:1
end_of_record
SF:lib/screens/adminattendencepage.dart
DA:21,2
DA:23,0
DA:24,0
DA:35,0
DA:37,0
DA:38,0
DA:41,0
DA:42,0
DA:43,0
DA:47,0
DA:48,0
DA:49,0
DA:52,0
DA:53,0
DA:54,0
DA:55,0
DA:59,0
DA:60,0
DA:61,0
DA:68,0
DA:70,0
DA:72,0
DA:75,0
DA:78,0
DA:79,0
DA:80,0
DA:87,0
DA:88,0
DA:89,0
DA:90,0
DA:91,0
DA:92,0
DA:93,0
DA:94,0
DA:98,0
DA:99,0
DA:100,0
DA:101,0
DA:102,0
DA:105,0
DA:106,0
DA:109,0
DA:110,0
DA:111,0
DA:112,0
DA:113,0
DA:114,0
DA:115,0
DA:116,0
DA:119,0
DA:120,0
DA:121,0
DA:122,0
DA:123,0
DA:124,0
DA:127,0
DA:130,0
DA:132,0
DA:133,0
DA:135,0
DA:136,0
DA:138,0
DA:139,0
DA:141,0
DA:144,0
DA:149,0
DA:150,0
DA:153,0
DA:156,0
DA:157,0
DA:158,0
DA:159,0
DA:164,0
DA:166,0
DA:168,0
DA:169,0
DA:171,0
DA:174,0
DA:179,0
DA:182,0
DA:186,0
DA:195,0
DA:196,0
DA:197,0
DA:199,0
DA:202,0
DA:203,0
DA:205,0
DA:207,0
DA:209,0
DA:213,0
DA:216,0
DA:221,0
DA:223,0
DA:225,0
DA:226,0
DA:227,0
DA:229,0
DA:230,0
DA:232,0
DA:235,0
DA:236,0
DA:239,0
DA:240,0
DA:248,0
DA:249,0
DA:250,0
DA:251,0
DA:253,0
DA:254,0
DA:257,0
DA:258,0
DA:259,0
DA:262,0
DA:265,0
DA:267,0
DA:268,0
DA:270,0
DA:273,0
DA:275,0
DA:277,0
DA:278,0
DA:279,0
DA:287,0
DA:288,0
DA:289,0
DA:290,0
DA:291,0
DA:293,0
DA:294,0
DA:295,0
DA:297,0
DA:298,0
DA:312,0
DA:313,0
DA:315,0
DA:317,0
DA:319,0
DA:321,0
DA:324,0
DA:328,0
DA:329,0
DA:331,0
DA:332,0
DA:333,0
DA:334,0
DA:335,0
DA:336,0
DA:337,0
DA:338,0
DA:341,0
DA:342,0
DA:344,0
DA:347,0
DA:349,0
DA:350,0
DA:351,0
DA:352,0
DA:353,0
DA:354,0
DA:355,0
DA:356,0
DA:360,0
DA:361,0
DA:362,0
DA:365,0
DA:368,0
DA:369,0
DA:370,0
DA:372,0
DA:373,0
DA:375,0
DA:376,0
DA:377,0
DA:378,0
DA:379,0
DA:380,0
DA:381,0
DA:382,0
DA:386,0
DA:387,0
DA:388,0
DA:389,0
DA:390,0
DA:392,0
DA:394,0
DA:398,0
DA:410,0
DA:411,0
DA:412,0
DA:413,0
DA:414,0
DA:415,0
DA:416,0
DA:417,0
DA:418,0
DA:421,0
DA:422,0
DA:424,0
DA:427,0
DA:429,0
DA:430,0
DA:431,0
DA:432,0
DA:433,0
DA:434,0
DA:435,0
DA:436,0
DA:440,0
DA:441,0
DA:442,0
DA:445,0
DA:448,0
DA:449,0
DA:450,0
DA:452,0
DA:453,0
DA:455,0
DA:456,0
DA:457,0
DA:458,0
DA:459,0
DA:460,0
DA:461,0
DA:462,0
DA:466,0
DA:467,0
DA:468,0
DA:469,0
DA:470,0
DA:472,0
DA:474,0
DA:478,0
DA:490,0
DA:491,0
DA:493,0
DA:494,0
DA:495,0
DA:496,0
DA:497,0
DA:498,0
DA:500,0
DA:504,0
DA:505,0
DA:506,0
DA:507,0
DA:508,0
DA:510,0
DA:512,0
DA:514,0
DA:517,0
DA:529,0
DA:530,0
DA:531,0
DA:532,0
DA:533,0
DA:534,0
DA:535,0
DA:541,0
DA:543,0
DA:544,0
DA:545,0
DA:546,0
DA:547,0
DA:548,0
DA:551,0
DA:555,0
DA:557,0
DA:558,0
DA:559,0
DA:560,0
DA:561,0
DA:562,0
DA:568,0
DA:570,0
DA:572,0
DA:574,0
DA:575,0
DA:576,0
DA:578,0
DA:579,0
DA:582,0
DA:584,0
DA:588,0
DA:590,0
DA:591,0
DA:593,0
DA:596,0
DA:599,0
DA:600,0
DA:601,0
DA:602,0
DA:603,0
DA:604,0
DA:605,0
DA:611,0
DA:612,0
DA:613,0
DA:614,0
DA:615,0
DA:619,0
DA:626,0
DA:628,0
DA:629,0
DA:630,0
DA:631,0
DA:632,0
DA:633,0
DA:635,0
DA:638,0
DA:652,0
DA:654,0
DA:655,0
DA:656,0
DA:657,0
DA:658,0
DA:660,0
DA:661,0
DA:668,0
DA:670,0
DA:671,0
DA:672,0
DA:673,0
DA:674,0
DA:675,0
DA:678,0
DA:679,0
DA:680,0
DA:686,0
DA:690,0
DA:692,0
DA:693,0
DA:694,0
DA:695,0
DA:699,0
DA:700,0
DA:701,0
DA:702,0
DA:703,0
DA:704,0
DA:705,0
DA:706,0
DA:708,0
DA:710,0
DA:713,0
DA:714,0
DA:715,0
DA:717,0
DA:719,0
DA:723,0
DA:727,0
DA:728,0
DA:729,0
DA:730,0
DA:731,0
DA:732,0
DA:734,0
DA:735,0
DA:737,0
DA:739,0
DA:742,0
DA:743,0
DA:749,0
DA:751,0
DA:754,0
DA:755,0
DA:756,0
DA:757,0
DA:764,0
DA:765,0
DA:766,0
DA:769,0
DA:772,0
DA:774,0
DA:775,0
DA:776,0
DA:777,0
DA:778,0
DA:779,0
DA:780,0
DA:781,0
DA:794,0
DA:795,0
DA:796,0
DA:797,0
DA:798,0
DA:800,0
DA:801,0
DA:803,0
DA:805,0
DA:806,0
DA:807,0
DA:808,0
DA:813,0
DA:814,0
DA:815,0
DA:816,0
DA:818,0
DA:819,0
DA:820,0
DA:822,0
DA:823,0
DA:824,0
DA:826,0
DA:828,0
DA:829,0
DA:830,0
DA:831,0
DA:834,0
DA:835,0
DA:836,0
DA:837,0
DA:840,0
DA:844,0
DA:845,0
DA:846,0
DA:848,0
DA:849,0
DA:850,0
DA:857,0
DA:859,0
DA:860,0
DA:861,0
DA:863,0
DA:864,0
DA:865,0
DA:868,0
DA:874,0
DA:880,0
DA:882,0
DA:888,0
DA:889,0
DA:890,0
DA:894,0
DA:896,0
DA:898,0
DA:899,0
DA:900,0
DA:901,0
DA:902,0
DA:905,0
DA:906,0
DA:907,0
DA:914,0
DA:915,0
DA:916,0
DA:920,0
DA:922,0
DA:924,0
DA:926,0
DA:927,0
DA:929,0
DA:930,0
DA:938,0
DA:939,0
DA:941,0
DA:943,0
DA:944,0
DA:955,0
DA:956,0
DA:957,0
DA:960,0
DA:961,0
DA:962,0
DA:965,0
DA:966,0
DA:967,0
DA:969,0
DA:970,0
DA:971,0
DA:975,0
DA:978,0
DA:979,0
DA:980,0
DA:982,0
DA:983,0
DA:984,0
DA:995,0
DA:996,0
DA:997,0
DA:1000,0
DA:1001,0
DA:1002,0
DA:1005,0
DA:1006,0
DA:1007,0
DA:1011,0
DA:1015,0
DA:1016,0
DA:1017,0
DA:1020,0
DA:1032,0
DA:1034,0
DA:1036,0
DA:1038,0
DA:1039,0
DA:1041,0
DA:1044,0
DA:1047,0
DA:1048,0
DA:1049,0
DA:1050,0
DA:1057,0
DA:1058,0
DA:1060,0
DA:1062,0
DA:1064,0
DA:1065,0
DA:1066,0
DA:1067,0
DA:1068,0
DA:1069,0
DA:1070,0
DA:1071,0
DA:1072,0
DA:1073,0
DA:1074,0
DA:1075,0
DA:1079,0
DA:1083,0
DA:1084,0
DA:1085,0
DA:1091,0
DA:1092,0
DA:1100,0
DA:1102,0
DA:1103,0
DA:1104,0
DA:1107,0
DA:1108,0
DA:1109,0
DA:1112,0
DA:1113,0
DA:1114,0
DA:1116,0
DA:1117,0
DA:1118,0
DA:1124,0
DA:1126,0
DA:1127,0
DA:1129,0
DA:1131,0
DA:1132,0
DA:1134,0
DA:1135,0
DA:1142,0
DA:1144,0
DA:1146,0
DA:1148,0
DA:1150,0
DA:1151,0
DA:1152,0
DA:1153,0
DA:1154,0
DA:1159,0
DA:1161,0
DA:1162,0
DA:1163,0
DA:1177,0
DA:1185,0
DA:1186,0
DA:1187,0
DA:1188,0
DA:1189,0
DA:1190,0
DA:1191,0
DA:1192,0
DA:1193,0
DA:1194,0
DA:1197,0
DA:1198,0
DA:1199,0
DA:1204,0
DA:1206,0
DA:1207,0
DA:1208,0
DA:1214,0
DA:1217,0
DA:1218,0
DA:1221,0
DA:1223,0
DA:1224,0
DA:1225,0
DA:1229,0
DA:1232,0
DA:1233,0
DA:1237,0
DA:1238,0
DA:1239,0
DA:1240,0
DA:1243,0
DA:1244,0
DA:1248,0
DA:1249,0
DA:1250,0
DA:1252,0
DA:1253,0
DA:1257,0
DA:1258,0
DA:1259,0
DA:1260,0
DA:1263,0
DA:1264,0
DA:1265,0
DA:1267,0
DA:1270,0
DA:1271,0
DA:1276,0
DA:1277,0
DA:1278,0
DA:1279,0
DA:1281,0
DA:1282,0
DA:1283,0
DA:1284,0
DA:1288,0
DA:1289,0
DA:1290,0
DA:1291,0
DA:1295,0
DA:1296,0
DA:1297,0
DA:1298,0
DA:1300,0
DA:1301,0
DA:1307,0
DA:1311,0
DA:1313,0
DA:1317,0
DA:1318,0
DA:1319,0
DA:1320,0
DA:1322,0
DA:1323,0
DA:1324,0
DA:1325,0
DA:1328,0
DA:1339,0
DA:1343,0
DA:1345,0
DA:1346,0
DA:1352,0
DA:1354,0
DA:1355,0
DA:1357,0
DA:1359,0
DA:1360,0
DA:1361,0
DA:1369,0
DA:1371,0
DA:1372,0
DA:1373,0
DA:1375,0
DA:1376,0
DA:1377,0
DA:1380,0
DA:1385,0
DA:1386,0
DA:1387,0
DA:1388,0
DA:1391,0
DA:1392,0
DA:1394,0
DA:1395,0
DA:1399,0
DA:1409,0
DA:1411,0
DA:1412,0
DA:1413,0
DA:1414,0
DA:1416,0
DA:1426,0
DA:1431,0
DA:1432,0
DA:1433,0
DA:1438,0
DA:1441,0
DA:1442,0
DA:1447,0
DA:1448,0
DA:1449,0
DA:1450,0
DA:1452,0
DA:1459,0
DA:1461,0
DA:1462,0
DA:1463,0
DA:1464,0
DA:1465,0
DA:1466,0
DA:1472,0
DA:1473,0
DA:1474,0
DA:1475,0
DA:1477,0
DA:1479,0
DA:1480,0
DA:1482,0
DA:1483,0
DA:1484,0
DA:1485,0
DA:1486,0
DA:1487,0
DA:1493,0
DA:1494,0
DA:1496,0
DA:1498,0
DA:1499,0
DA:1500,0
DA:1501,0
DA:1502,0
DA:1512,0
DA:1515,0
DA:1516,0
DA:1517,0
DA:1519,0
DA:1521,0
DA:1522,0
DA:1523,0
DA:1524,0
DA:1535,0
DA:1538,0
DA:1539,0
DA:1540,0
DA:1541,0
DA:1543,0
DA:1544,0
DA:1545,0
DA:1548,0
DA:1554,0
DA:1556,0
DA:1557,0
DA:1558,0
DA:1559,0
DA:1560,0
DA:1561,0
DA:1562,0
DA:1571,0
DA:1573,0
DA:1575,0
DA:1576,0
DA:1577,0
DA:1580,0
DA:1583,0
DA:1584,0
DA:1585,0
DA:1587,0
DA:1588,0
DA:1589,0
DA:1597,0
DA:1600,0
DA:1601,0
DA:1602,0
DA:1603,0
DA:1604,0
DA:1607,0
DA:1608,0
DA:1609,0
DA:1617,0
DA:1618,0
DA:1619,0
DA:1622,0
DA:1634,0
DA:1635,0
LF:764
LH:1
end_of_record
SF:lib/screens/attendencecheckpage.dart
DA:20,0
DA:22,0
DA:24,0
DA:25,0
DA:39,0
DA:41,0
DA:42,0
DA:43,0
DA:46,0
DA:48,0
DA:49,0
DA:60,0
DA:61,0
DA:62,0
DA:66,0
DA:67,0
DA:68,0
DA:69,0
DA:71,0
DA:72,0
DA:74,0
DA:76,0
DA:78,0
DA:79,0
DA:80,0
DA:81,0
DA:83,0
DA:84,0
DA:87,0
DA:88,0
DA:93,0
DA:94,0
DA:97,0
DA:98,0
DA:99,0
DA:100,0
DA:111,0
DA:112,0
DA:113,0
DA:117,0
DA:118,0
DA:119,0
DA:121,0
DA:123,0
DA:124,0
DA:125,0
DA:129,0
DA:130,0
DA:131,0
DA:132,0
DA:133,0
DA:136,0
DA:139,0
DA:142,0
DA:143,0
DA:144,0
DA:148,0
DA:149,0
DA:150,0
DA:151,0
DA:154,0
DA:155,0
DA:156,0
DA:157,0
DA:158,0
DA:159,0
DA:162,0
DA:163,0
DA:164,0
DA:165,0
DA:169,0
DA:171,0
DA:172,0
DA:174,0
DA:175,0
DA:176,0
DA:177,0
DA:179,0
DA:180,0
DA:182,0
DA:186,0
DA:191,0
DA:193,0
DA:194,0
DA:197,0
DA:198,0
DA:199,0
DA:205,0
DA:206,0
DA:207,0
DA:213,0
DA:215,0
DA:222,0
DA:223,0
DA:224,0
DA:225,0
DA:228,0
DA:231,0
DA:232,0
DA:233,0
DA:234,0
DA:235,0
DA:236,0
DA:244,0
DA:245,0
DA:252,0
DA:255,0
DA:256,0
DA:257,0
DA:258,0
DA:260,0
DA:261,0
DA:264,0
DA:265,0
DA:267,0
DA:271,0
DA:273,0
DA:274,0
DA:277,0
DA:278,0
DA:292,0
DA:293,0
DA:294,0
DA:297,0
DA:298,0
DA:299,0
DA:300,0
DA:301,0
DA:302,0
DA:304,0
DA:306,0
DA:307,0
DA:308,0
DA:309,0
DA:312,0
DA:313,0
DA:314,0
DA:315,0
DA:324,0
DA:325,0
DA:326,0
DA:327,0
DA:328,0
DA:330,0
DA:331,0
DA:333,0
DA:334,0
DA:337,0
DA:340,0
DA:341,0
DA:342,0
DA:343,0
DA:344,0
DA:345,0
DA:346,0
DA:349,0
DA:350,0
DA:351,0
DA:352,0
DA:364,0
DA:365,0
DA:367,0
DA:369,0
DA:370,0
DA:371,0
DA:382,0
DA:384,0
DA:386,0
DA:387,0
DA:388,0
DA:389,0
DA:390,0
DA:393,0
DA:394,0
DA:395,0
DA:396,0
DA:398,0
DA:401,0
DA:405,0
DA:406,0
DA:407,0
DA:408,0
DA:411,0
DA:412,0
DA:413,0
DA:414,0
DA:415,0
DA:419,0
DA:420,0
DA:423,0
DA:424,0
DA:425,0
DA:426,0
DA:427,0
DA:428,0
DA:429,0
DA:433,0
DA:434,0
DA:435,0
DA:436,0
DA:437,0
DA:438,0
DA:439,0
DA:440,0
DA:446,0
DA:450,0
DA:451,0
DA:454,0
DA:457,0
DA:458,0
DA:459,0
DA:460,0
DA:461,0
DA:462,0
DA:463,0
DA:464,0
DA:465,0
DA:469,0
DA:471,0
DA:472,0
DA:473,0
DA:477,0
DA:480,0
DA:481,0
DA:483,0
DA:484,0
DA:486,0
DA:487,0
DA:488,0
DA:489,0
DA:492,0
DA:496,0
DA:498,0
DA:499,0
DA:508,0
DA:511,0
DA:512,0
DA:519,0
DA:520,0
DA:521,0
DA:523,0
DA:524,0
DA:525,0
DA:527,0
DA:528,0
DA:529,0
DA:530,0
DA:539,0
DA:540,0
DA:541,0
DA:542,0
DA:543,0
DA:544,0
DA:545,0
DA:546,0
DA:552,0
DA:553,0
DA:554,0
DA:569,0
DA:570,0
DA:571,0
DA:572,0
DA:573,0
DA:574,0
DA:575,0
DA:576,0
DA:577,0
DA:578,0
DA:579,0
DA:582,0
DA:584,0
DA:585,0
DA:587,0
DA:589,0
DA:590,0
DA:591,0
DA:594,0
DA:596,0
DA:597,0
DA:598,0
DA:608,0
DA:610,0
DA:611,0
DA:613,0
DA:614,0
DA:617,0
DA:618,0
DA:621,0
DA:622,0
LF:289
LH:0
end_of_record
SF:lib/screens/admineventspage.dart
DA:27,2
DA:29,0
DA:30,0
DA:49,0
DA:51,0
DA:52,0
DA:53,0
DA:54,0
DA:55,0
DA:58,0
DA:60,0
DA:61,0
DA:62,0
DA:66,0
DA:67,0
DA:68,0
DA:69,0
DA:70,0
DA:75,0
DA:77,0
DA:79,0
DA:82,0
DA:85,0
DA:86,0
DA:87,0
DA:95,0
DA:96,0
DA:98,0
DA:99,0
DA:100,0
DA:101,0
DA:105,0
DA:106,0
DA:107,0
DA:108,0
DA:109,0
DA:110,0
DA:111,0
DA:112,0
DA:115,0
DA:116,0
DA:117,0
DA:118,0
DA:119,0
DA:120,0
DA:123,0
DA:126,0
DA:129,0
DA:130,0
DA:131,0
DA:133,0
DA:134,0
DA:136,0
DA:137,0
DA:139,0
DA:142,0
DA:146,0
DA:147,0
DA:154,0
DA:155,0
DA:156,0
DA:158,0
DA:159,0
DA:162,0
DA:165,0
DA:166,0
DA:167,0
DA:168,0
DA:173,0
DA:175,0
DA:177,0
DA:178,0
DA:180,0
DA:183,0
DA:188,0
DA:192,0
DA:195,0
DA:197,0
DA:200,0
DA:204,0
DA:205,0
DA:206,0
DA:208,0
DA:209,0
DA:212,0
DA:213,0
DA:217,0
DA:218,0
DA:219,0
DA:221,0
DA:222,0
DA:225,0
DA:226,0
DA:236,0
DA:237,0
DA:238,0
DA:241,0
DA:243,0
DA:245,0
DA:247,0
DA:253,0
DA:255,0
DA:257,0
DA:258,0
DA:259,0
DA:261,0
DA:262,0
DA:264,0
DA:267,0
DA:268,0
DA:271,0
DA:272,0
DA:280,0
DA:281,0
DA:283,0
DA:284,0
DA:285,0
DA:287,0
DA:288,0
DA:289,0
DA:291,0
DA:292,0
DA:295,0
DA:296,0
DA:297,0
DA:300,0
DA:302,0
DA:303,0
DA:304,0
DA:306,0
DA:307,0
DA:309,0
DA:313,0
DA:315,0
DA:318,0
DA:319,0
DA:320,0
DA:328,0
DA:329,0
DA:330,0
DA:331,0
DA:332,0
DA:333,0
DA:334,0
DA:337,0
DA:338,0
DA:339,0
DA:351,0
DA:357,0
DA:358,0
DA:359,0
DA:360,0
DA:361,0
DA:362,0
DA:368,0
DA:370,0
DA:371,0
DA:372,0
DA:374,0
DA:375,0
DA:376,0
DA:382,0
DA:383,0
DA:385,0
DA:386,0
DA:387,0
DA:397,0
DA:398,0
DA:399,0
DA:400,0
DA:403,0
DA:405,0
DA:407,0
DA:408,0
DA:409,0
DA:410,0
DA:411,0
DA:414,0
DA:415,0
DA:416,0
DA:423,0
DA:425,0
DA:427,0
DA:428,0
DA:431,0
DA:432,0
DA:433,0
DA:435,0
DA:437,0
DA:438,0
DA:439,0
DA:440,0
DA:441,0
DA:443,0
DA:444,0
DA:450,0
DA:451,0
DA:452,0
DA:465,0
DA:467,0
DA:468,0
DA:471,0
DA:472,0
DA:473,0
DA:474,0
DA:475,0
DA:476,0
DA:477,0
DA:478,0
DA:479,0
DA:483,0
DA:485,0
DA:486,0
DA:487,0
DA:488,0
DA:491,0
DA:492,0
DA:493,0
DA:494,0
DA:502,0
DA:503,0
DA:504,0
DA:505,0
DA:508,0
DA:509,0
DA:510,0
DA:514,0
DA:516,0
DA:518,0
DA:520,0
DA:521,0
DA:523,0
DA:524,0
DA:532,0
DA:533,0
DA:536,0
DA:537,0
DA:538,0
DA:539,0
DA:540,0
DA:541,0
DA:553,0
DA:557,0
DA:558,0
DA:559,0
DA:560,0
DA:561,0
DA:562,0
DA:563,0
DA:564,0
DA:565,0
DA:566,0
DA:567,0
DA:571,0
DA:573,0
DA:576,0
DA:577,0
DA:578,0
DA:584,0
DA:588,0
DA:589,0
DA:590,0
DA:591,0
DA:592,0
DA:593,0
DA:594,0
DA:595,0
DA:596,0
DA:597,0
DA:598,0
DA:602,0
DA:604,0
DA:607,0
DA:608,0
DA:609,0
DA:617,0
DA:618,0
DA:619,0
DA:622,0
DA:623,0
DA:624,0
DA:627,0
DA:628,0
DA:629,0
DA:631,0
DA:632,0
DA:633,0
DA:637,0
DA:640,0
DA:641,0
DA:642,0
DA:644,0
DA:645,0
DA:646,0
DA:655,0
DA:656,0
DA:657,0
DA:659,0
DA:660,0
DA:661,0
DA:662,0
DA:674,0
DA:676,0
DA:677,0
DA:679,0
DA:680,0
DA:681,0
DA:683,0
DA:684,0
DA:691,0
DA:693,0
DA:694,0
DA:695,0
DA:697,0
DA:698,0
DA:699,0
DA:700,0
DA:702,0
DA:703,0
DA:704,0
DA:705,0
DA:707,0
DA:708,0
DA:709,0
DA:712,0
DA:713,0
DA:715,0
DA:717,0
DA:720,0
DA:721,0
DA:722,0
DA:723,0
DA:738,0
DA:740,0
DA:741,0
DA:743,0
DA:744,0
DA:745,0
DA:746,0
DA:747,0
DA:748,0
DA:749,0
DA:751,0
DA:755,0
DA:756,0
DA:757,0
DA:763,0
DA:764,0
DA:772,0
DA:774,0
DA:775,0
DA:776,0
DA:777,0
DA:778,0
DA:780,0
DA:781,0
DA:782,0
DA:786,0
DA:787,0
DA:788,0
DA:790,0
DA:791,0
DA:792,0
DA:798,0
DA:800,0
DA:802,0
DA:804,0
DA:805,0
DA:820,0
DA:821,0
DA:822,0
DA:823,0
DA:824,0
DA:826,0
DA:827,0
DA:828,0
DA:829,0
DA:830,0
DA:833,0
DA:834,0
DA:835,0
DA:838,0
DA:839,0
DA:840,0
DA:841,0
DA:842,0
DA:843,0
DA:845,0
DA:846,0
DA:853,0
DA:854,0
DA:855,0
DA:856,0
DA:857,0
DA:858,0
DA:860,0
DA:861,0
DA:862,0
DA:864,0
DA:866,0
DA:870,0
DA:871,0
DA:872,0
DA:873,0
DA:874,0
DA:875,0
DA:878,0
DA:883,0
DA:886,0
DA:887,0
DA:888,0
DA:889,0
DA:890,0
DA:892,0
DA:893,0
DA:894,0
DA:897,0
DA:898,0
DA:899,0
DA:905,0
DA:907,0
DA:908,0
DA:910,0
DA:912,0
DA:913,0
DA:914,0
DA:918,0
DA:921,0
DA:922,0
DA:923,0
DA:925,0
DA:926,0
DA:927,0
DA:928,0
DA:931,0
DA:932,0
DA:933,0
DA:934,0
DA:937,0
DA:939,0
DA:940,0
DA:941,0
DA:942,0
DA:943,0
DA:947,0
DA:949,0
DA:951,0
DA:952,0
DA:953,0
DA:954,0
DA:963,0
DA:964,0
DA:972,0
DA:973,0
DA:975,0
DA:977,0
DA:978,0
DA:981,0
DA:984,0
DA:985,0
DA:986,0
DA:987,0
DA:988,0
DA:989,0
DA:990,0
DA:991,0
DA:992,0
DA:993,0
DA:994,0
DA:995,0
DA:996,0
DA:997,0
DA:998,0
DA:999,0
DA:1000,0
DA:1001,0
DA:1002,0
DA:1005,0
DA:1008,0
DA:1014,0
DA:1015,0
DA:1020,0
DA:1025,0
DA:1026,0
DA:1027,0
DA:1028,0
DA:1029,0
DA:1033,0
DA:1034,0
DA:1035,0
DA:1036,0
DA:1038,0
DA:1044,0
DA:1046,0
DA:1047,0
DA:1050,0
DA:1059,0
DA:1061,0
DA:1062,0
DA:1064,0
DA:1065,0
DA:1066,0
DA:1067,0
DA:1068,0
DA:1069,0
DA:1070,0
DA:1071,0
DA:1073,0
DA:1075,0
DA:1076,0
DA:1081,0
DA:1084,0
DA:1085,0
DA:1086,0
DA:1087,0
DA:1090,0
DA:1091,0
DA:1093,0
DA:1094,0
DA:1098,0
DA:1099,0
DA:1104,0
DA:1106,0
DA:1107,0
DA:1108,0
DA:1109,0
DA:1115,0
DA:1117,0
DA:1151,0
DA:1154,0
DA:1158,0
DA:1161,0
DA:1163,0
DA:1164,0
DA:1165,0
DA:1166,0
DA:1167,0
DA:1168,0
DA:1169,0
DA:1170,0
DA:1171,0
DA:1174,0
DA:1175,0
DA:1176,0
DA:1179,0
DA:1180,0
DA:1181,0
DA:1183,0
DA:1184,0
DA:1187,0
DA:1188,0
DA:1192,0
DA:1193,0
DA:1195,0
DA:1196,0
DA:1197,0
DA:1198,0
DA:1199,0
DA:1203,0
DA:1208,0
DA:1210,0
DA:1213,0
DA:1214,0
DA:1220,0
DA:1221,0
DA:1222,0
DA:1226,0
DA:1230,0
DA:1231,0
DA:1232,0
DA:1233,0
DA:1235,0
DA:1236,0
DA:1238,0
DA:1239,0
DA:1240,0
DA:1242,0
DA:1243,0
DA:1244,0
DA:1248,0
DA:1249,0
DA:1251,0
DA:1252,0
DA:1253,0
DA:1254,0
DA:1256,0
DA:1257,0
DA:1266,0
DA:1269,0
DA:1270,0
DA:1271,0
DA:1274,0
DA:1277,0
DA:1278,0
DA:1281,0
DA:1286,0
DA:1288,0
DA:1289,0
DA:1294,0
DA:1295,0
DA:1296,0
DA:1297,0
DA:1298,0
DA:1299,0
DA:1300,0
DA:1302,0
DA:1303,0
DA:1304,0
DA:1306,0
DA:1308,0
DA:1309,0
DA:1310,0
DA:1311,0
DA:1312,0
DA:1313,0
DA:1314,0
DA:1316,0
DA:1318,0
DA:1320,0
DA:1321,0
DA:1322,0
DA:1329,0
DA:1330,0
DA:1332,0
DA:1334,0
DA:1335,0
DA:1336,0
DA:1345,0
DA:1346,0
DA:1348,0
DA:1349,0
DA:1350,0
DA:1351,0
DA:1352,0
DA:1353,0
DA:1354,0
DA:1355,0
DA:1356,0
DA:1357,0
DA:1358,0
DA:1360,0
DA:1362,0
DA:1367,0
DA:1378,0
DA:1379,0
DA:1380,0
DA:1393,0
DA:1396,0
DA:1397,0
DA:1398,0
DA:1400,0
DA:1401,0
DA:1402,0
DA:1404,0
DA:1405,0
DA:1406,0
DA:1407,0
DA:1408,0
DA:1409,0
DA:1410,0
DA:1411,0
DA:1412,0
DA:1419,0
DA:1420,0
DA:1421,0
DA:1427,0
DA:1428,0
DA:1445,0
DA:1446,0
DA:1447,0
DA:1448,0
DA:1450,0
DA:1451,0
DA:1453,0
DA:1454,0
DA:1457,0
DA:1458,0
DA:1460,0
DA:1462,0
DA:1463,0
DA:1465,0
DA:1467,0
DA:1468,0
DA:1470,0
DA:1474,0
DA:1476,0
DA:1478,0
DA:1480,0
DA:1481,0
DA:1485,0
DA:1489,0
DA:1490,0
DA:1493,0
DA:1501,0
DA:1502,0
DA:1503,0
DA:1504,0
DA:1505,0
DA:1509,0
DA:1510,0
DA:1511,0
DA:1512,0
DA:1513,0
DA:1514,0
DA:1517,0
DA:1518,0
DA:1519,0
DA:1520,0
DA:1521,0
DA:1525,0
DA:1528,0
DA:1529,0
DA:1530,0
DA:1537,0
DA:1538,0
DA:1539,0
DA:1541,0
DA:1542,0
DA:1545,0
DA:1549,0
DA:1550,0
DA:1551,0
DA:1552,0
DA:1553,0
DA:1554,0
DA:1556,0
DA:1561,0
DA:1562,0
DA:1563,0
DA:1564,0
DA:1565,0
DA:1566,0
DA:1567,0
DA:1568,0
DA:1569,0
DA:1570,0
DA:1571,0
DA:1572,0
DA:1573,0
DA:1574,0
DA:1575,0
DA:1576,0
DA:1580,0
DA:1583,0
DA:1589,0
DA:1607,0
DA:1608,0
DA:1609,0
DA:1612,0
DA:1613,0
DA:1617,0
DA:1620,0
DA:1625,0
DA:1626,0
DA:1628,0
DA:1631,0
DA:1633,0
DA:1635,0
DA:1636,0
DA:1637,0
DA:1638,0
DA:1639,0
DA:1640,0
DA:1641,0
DA:1642,0
DA:1645,0
DA:1647,0
DA:1648,0
DA:1649,0
DA:1650,0
DA:1651,0
DA:1652,0
DA:1653,0
DA:1654,0
DA:1661,0
DA:1662,0
DA:1663,0
DA:1664,0
DA:1665,0
DA:1667,0
DA:1668,0
DA:1669,0
DA:1670,0
DA:1672,0
DA:1677,0
DA:1678,0
DA:1679,0
DA:1680,0
DA:1685,0
DA:1688,0
DA:1693,0
DA:1694,0
DA:1699,0
DA:1700,0
DA:1701,0
DA:1703,0
DA:1704,0
DA:1707,0
DA:1709,0
DA:1712,0
DA:1717,0
DA:1720,0
DA:1721,0
DA:1722,0
DA:1726,0
DA:1740,0
DA:1741,0
DA:1743,0
DA:1744,0
DA:1745,0
DA:1746,0
DA:1750,0
DA:1751,0
DA:1752,0
DA:1756,0
DA:1778,0
DA:1797,0
DA:1800,0
DA:1801,0
DA:1807,0
DA:1810,0
DA:1813,0
DA:1814,0
DA:1815,0
DA:1816,0
DA:1819,0
DA:1820,0
DA:1823,0
DA:1826,0
DA:1827,0
DA:1828,0
DA:1829,0
DA:1830,0
DA:1832,0
DA:1836,0
DA:1840,0
DA:1841,0
DA:1842,0
DA:1843,0
DA:1844,0
DA:1845,0
DA:1846,0
DA:1847,0
DA:1848,0
DA:1849,0
DA:1850,0
DA:1854,0
DA:1855,0
DA:1857,0
DA:1859,0
DA:1860,0
DA:1861,0
DA:1862,0
DA:1863,0
DA:1864,0
DA:1865,0
DA:1866,0
DA:1869,0
DA:1870,0
DA:1871,0
DA:1872,0
DA:1873,0
DA:1874,0
DA:1875,0
DA:1882,0
DA:1883,0
DA:1884,0
DA:1885,0
DA:1886,0
DA:1887,0
DA:1888,0
DA:1889,0
DA:1890,0
DA:1891,0
DA:1892,0
DA:1893,0
DA:1894,0
DA:1901,0
DA:1903,0
DA:1904,0
DA:1905,0
DA:1906,0
DA:1909,0
DA:1913,0
DA:1914,0
DA:1915,0
DA:1916,0
DA:1919,0
DA:1920,0
DA:1921,0
DA:1922,0
DA:1925,0
DA:1926,0
DA:1927,0
DA:1929,0
DA:1930,0
DA:1931,0
DA:1932,0
DA:1933,0
DA:1934,0
DA:1936,0
DA:1942,0
DA:1943,0
DA:1944,0
DA:1945,0
DA:1951,0
DA:1954,0
DA:1959,0
DA:1960,0
DA:1973,0
DA:1974,0
DA:1976,0
DA:1977,0
DA:1993,0
DA:2002,0
DA:2003,0
DA:2004,0
DA:2005,0
DA:2006,0
DA:2007,0
DA:2008,0
DA:2011,0
DA:2014,0
DA:2015,0
DA:2022,0
DA:2023,0
DA:2024,0
DA:2025,0
DA:2026,0
DA:2027,0
DA:2028,0
DA:2033,0
DA:2037,0
DA:2038,0
DA:2070,0
DA:2071,0
DA:2072,0
DA:2074,0
DA:2081,0
DA:2082,0
DA:2085,0
DA:2087,0
DA:2088,0
DA:2089,0
DA:2090,0
DA:2095,0
DA:2096,0
DA:2097,0
DA:2098,0
DA:2099,0
DA:2102,0
DA:2103,0
DA:2106,0
DA:2107,0
DA:2108,0
DA:2109,0
DA:2110,0
DA:2111,0
DA:2112,0
DA:2114,0
DA:2115,0
DA:2116,0
DA:2120,0
DA:2121,0
DA:2122,0
DA:2123,0
DA:2126,0
DA:2127,0
DA:2128,0
DA:2129,0
DA:2135,0
DA:2136,0
DA:2137,0
DA:2138,0
DA:2140,0
DA:2142,0
DA:2143,0
DA:2144,0
DA:2146,0
DA:2147,0
DA:2148,0
DA:2150,0
DA:2154,0
DA:2155,0
DA:2156,0
DA:2157,0
DA:2158,0
DA:2166,0
DA:2167,0
DA:2169,0
DA:2170,0
DA:2171,0
DA:2172,0
DA:2174,0
DA:2175,0
DA:2177,0
DA:2178,0
DA:2179,0
DA:2181,0
DA:2182,0
DA:2183,0
DA:2184,0
DA:2186,0
DA:2188,0
DA:2189,0
DA:2190,0
DA:2193,0
DA:2195,0
DA:2196,0
DA:2197,0
DA:2198,0
DA:2206,0
DA:2208,0
DA:2209,0
DA:2210,0
DA:2218,0
DA:2219,0
DA:2220,0
DA:2222,0
DA:2224,0
DA:2225,0
DA:2226,0
DA:2227,0
DA:2228,0
DA:2229,0
DA:2230,0
DA:2233,0
DA:2234,0
DA:2235,0
DA:2241,0
DA:2243,0
DA:2245,0
DA:2246,0
DA:2247,0
DA:2248,0
DA:2249,0
DA:2250,0
DA:2251,0
DA:2254,0
DA:2255,0
DA:2257,0
DA:2258,0
DA:2259,0
DA:2260,0
DA:2263,0
DA:2264,0
DA:2265,0
DA:2268,0
DA:2269,0
DA:2270,0
DA:2271,0
DA:2272,0
DA:2277,0
DA:2278,0
DA:2281,0
DA:2282,0
DA:2283,0
DA:2290,0
DA:2292,0
DA:2293,0
DA:2296,0
DA:2299,0
DA:2300,0
DA:2301,0
DA:2302,0
DA:2303,0
DA:2304,0
DA:2308,0
DA:2310,0
DA:2311,0
DA:2312,0
DA:2313,0
DA:2314,0
DA:2315,0
DA:2316,0
DA:2317,0
DA:2320,0
DA:2324,0
DA:2325,0
DA:2326,0
DA:2329,0
DA:2331,0
DA:2334,0
DA:2336,0
DA:2339,0
DA:2349,0
DA:2350,0
DA:2352,0
DA:2353,0
DA:2354,0
DA:2355,0
DA:2356,0
DA:2358,0
DA:2359,0
DA:2360,0
DA:2362,0
DA:2363,0
DA:2364,0
DA:2365,0
DA:2371,0
DA:2372,0
DA:2373,0
DA:2375,0
DA:2376,0
DA:2377,0
DA:2378,0
DA:2379,0
DA:2381,0
DA:2382,0
DA:2383,0
DA:2384,0
DA:2385,0
DA:2387,0
DA:2388,0
DA:2389,0
DA:2390,0
DA:2391,0
DA:2395,0
DA:2396,0
DA:2397,0
DA:2400,0
DA:2401,0
DA:2402,0
DA:2403,0
DA:2404,0
DA:2412,0
DA:2415,0
DA:2416,0
DA:2417,0
DA:2419,0
DA:2420,0
DA:2421,0
DA:2422,0
DA:2428,0
DA:2429,0
DA:2430,0
DA:2431,0
DA:2432,0
DA:2433,0
DA:2434,0
DA:2435,0
DA:2437,0
DA:2439,0
DA:2440,0
DA:2442,0
DA:2443,0
DA:2448,0
DA:2449,0
DA:2450,0
DA:2451,0
DA:2452,0
DA:2454,0
DA:2456,0
DA:2458,0
DA:2465,0
DA:2466,0
DA:2467,0
DA:2468,0
DA:2469,0
DA:2470,0
DA:2473,0
DA:2475,0
DA:2477,0
DA:2478,0
DA:2481,0
DA:2483,0
DA:2484,0
DA:2487,0
DA:2492,0
DA:2498,0
DA:2500,0
DA:2504,0
DA:2505,0
DA:2506,0
DA:2507,0
DA:2508,0
DA:2514,0
DA:2517,0
DA:2519,0
DA:2520,0
DA:2524,0
DA:2527,0
DA:2531,0
DA:2537,0
DA:2538,0
DA:2541,0
DA:2543,0
DA:2544,0
DA:2545,0
DA:2548,0
DA:2550,0
DA:2551,0
DA:2552,0
DA:2553,0
DA:2554,0
DA:2555,0
DA:2556,0
DA:2561,0
DA:2562,0
DA:2563,0
DA:2564,0
DA:2566,0
DA:2578,0
DA:2579,0
DA:2580,0
DA:2581,0
DA:2582,0
DA:2586,0
DA:2587,0
DA:2588,0
DA:2589,0
DA:2590,0
DA:2591,0
DA:2594,0
DA:2595,0
DA:2602,0
DA:2605,0
DA:2606,0
DA:2607,0
DA:2614,0
DA:2621,0
DA:2622,0
DA:2623,0
DA:2627,0
DA:2628,0
DA:2630,0
DA:2632,0
DA:2633,0
DA:2635,0
DA:2636,0
DA:2638,0
DA:2641,0
DA:2642,0
DA:2644,0
DA:2645,0
DA:2646,0
DA:2650,0
DA:2651,0
DA:2652,0
DA:2655,0
DA:2656,0
DA:2664,0
DA:2666,0
DA:2667,0
DA:2671,0
DA:2673,0
DA:2674,0
DA:2675,0
DA:2676,0
DA:2679,0
DA:2683,0
DA:2685,0
DA:2686,0
DA:2687,0
DA:2688,0
DA:2691,0
DA:2695,0
DA:2697,0
DA:2701,0
DA:2702,0
DA:2703,0
DA:2716,0
DA:2720,0
DA:2721,0
DA:2722,0
DA:2724,0
DA:2725,0
DA:2728,0
DA:2730,0
DA:2732,0
DA:2733,0
DA:2737,0
DA:2738,0
DA:2741,0
DA:2750,0
DA:2751,0
DA:2752,0
DA:2753,0
DA:2754,0
DA:2758,0
DA:2759,0
DA:2760,0
DA:2761,0
DA:2762,0
DA:2763,0
DA:2765,0
DA:2766,0
DA:2773,0
DA:2774,0
DA:2775,0
DA:2780,0
DA:2790,0
DA:2791,0
DA:2792,0
DA:2796,0
DA:2802,0
DA:2803,0
DA:2807,0
DA:2808,0
DA:2809,0
DA:2811,0
DA:2812,0
DA:2813,0
DA:2814,0
DA:2816,0
DA:2817,0
DA:2819,0
DA:2820,0
DA:2821,0
DA:2822,0
DA:2846,0
DA:2876,0
DA:2887,0
DA:2888,0
DA:2916,0
DA:2918,0
DA:2920,0
DA:2921,0
DA:2922,0
DA:2923,0
DA:2924,0
DA:2925,0
DA:2926,0
DA:2927,0
DA:2928,0
DA:2929,0
DA:2930,0
DA:2931,0
DA:2932,0
DA:2933,0
DA:2934,0
DA:2935,0
DA:2936,0
DA:2937,0
DA:2941,0
DA:2942,0
DA:2943,0
DA:2944,0
DA:2949,0
DA:2950,0
DA:2951,0
DA:2952,0
DA:2954,0
DA:2957,0
DA:2959,0
DA:2960,0
DA:2961,0
DA:2962,0
DA:2963,0
DA:2964,0
DA:2965,0
DA:2969,0
DA:2970,0
DA:2971,0
DA:2972,0
DA:2977,0
DA:2978,0
DA:2979,0
DA:2980,0
DA:2981,0
DA:2982,0
DA:2983,0
DA:2984,0
DA:2985,0
DA:2986,0
DA:2987,0
DA:2988,0
DA:2989,0
DA:2990,0
DA:2991,0
DA:2996,0
DA:2997,0
DA:2999,0
DA:3000,0
DA:3001,0
DA:3002,0
DA:3004,0
DA:3006,0
DA:3009,0
DA:3010,0
DA:3011,0
DA:3014,0
DA:3015,0
DA:3016,0
DA:3017,0
DA:3018,0
DA:3019,0
DA:3024,0
DA:3025,0
DA:3026,0
DA:3027,0
DA:3031,0
DA:3033,0
DA:3034,0
DA:3035,0
DA:3037,0
DA:3038,0
DA:3041,0
DA:3043,0
DA:3044,0
DA:3045,0
DA:3047,0
DA:3048,0
DA:3052,0
DA:3053,0
DA:3055,0
DA:3056,0
DA:3060,0
DA:3061,0
DA:3063,0
DA:3065,0
DA:3066,0
DA:3067,0
DA:3068,0
DA:3073,0
DA:3076,0
DA:3078,0
DA:3079,0
DA:3081,0
DA:3083,0
DA:3085,0
DA:3087,0
DA:3089,0
DA:3090,0
DA:3091,0
DA:3099,0
DA:3102,0
DA:3104,0
DA:3105,0
DA:3107,0
DA:3108,0
DA:3110,0
DA:3112,0
DA:3113,0
DA:3115,0
DA:3117,0
DA:3119,0
DA:3120,0
DA:3125,0
DA:3128,0
DA:3129,0
DA:3131,0
DA:3133,0
DA:3135,0
DA:3137,0
DA:3140,0
DA:3141,0
DA:3143,0
DA:3145,0
DA:3155,0
DA:3156,0
DA:3157,0
DA:3158,0
DA:3159,0
DA:3160,0
DA:3161,0
DA:3163,0
DA:3165,0
DA:3166,0
DA:3167,0
DA:3169,0
DA:3170,0
DA:3171,0
DA:3178,0
DA:3179,0
DA:3180,0
DA:3181,0
DA:3182,0
DA:3188,0
DA:3189,0
DA:3190,0
DA:3191,0
DA:3192,0
DA:3193,0
DA:3194,0
DA:3196,0
DA:3198,0
DA:3199,0
DA:3200,0
DA:3201,0
DA:3207,0
DA:3211,0
DA:3212,0
DA:3214,0
DA:3215,0
DA:3217,0
DA:3218,0
DA:3221,0
DA:3225,0
DA:3226,0
DA:3228,0
DA:3229,0
DA:3230,0
DA:3231,0
DA:3232,0
DA:3235,0
DA:3236,0
DA:3237,0
DA:3238,0
DA:3241,0
DA:3242,0
DA:3243,0
LF:1502
LH:1
end_of_record
SF:lib/screens/continuouseventsubmissionspage.dart
DA:18,0
DA:20,0
DA:22,0
DA:34,0
DA:36,0
DA:37,0
DA:38,0
DA:41,0
DA:43,0
DA:44,0
DA:45,0
DA:48,0
DA:49,0
DA:51,0
DA:52,0
DA:53,0
DA:54,0
DA:55,0
DA:57,0
DA:62,0
DA:63,0
DA:64,0
DA:65,0
DA:66,0
DA:67,0
DA:68,0
DA:69,0
DA:70,0
DA:72,0
DA:73,0
DA:77,0
DA:78,0
DA:80,0
DA:81,0
DA:82,0
DA:86,0
DA:90,0
DA:91,0
DA:92,0
DA:93,0
DA:94,0
DA:95,0
DA:96,0
DA:100,0
DA:101,0
DA:103,0
DA:104,0
DA:105,0
DA:109,0
DA:110,0
DA:111,0
DA:112,0
DA:113,0
DA:114,0
DA:115,0
DA:116,0
DA:118,0
DA:120,0
DA:123,0
DA:125,0
DA:127,0
DA:128,0
DA:130,0
DA:132,0
DA:133,0
DA:136,0
DA:137,0
DA:138,0
DA:142,0
DA:144,0
DA:145,0
DA:146,0
DA:147,0
DA:153,0
DA:154,0
DA:155,0
DA:158,0
DA:162,0
DA:165,0
DA:166,0
DA:167,0
DA:169,0
DA:170,0
DA:172,0
DA:174,0
DA:175,0
DA:178,0
DA:179,0
DA:180,0
DA:184,0
DA:186,0
DA:187,0
DA:188,0
DA:189,0
DA:195,0
DA:196,0
DA:199,0
DA:200,0
DA:201,0
DA:202,0
DA:203,0
DA:206,0
DA:212,0
DA:214,0
DA:215,0
DA:217,0
DA:219,0
DA:220,0
DA:223,0
DA:224,0
DA:225,0
DA:229,0
DA:231,0
DA:232,0
DA:233,0
DA:234,0
DA:240,0
DA:241,0
DA:242,0
DA:243,0
DA:244,0
DA:245,0
DA:247,0
DA:256,0
DA:257,0
DA:258,0
DA:261,0
DA:262,0
DA:271,0
DA:272,0
DA:273,0
DA:275,0
DA:276,0
DA:277,0
DA:278,0
DA:279,0
DA:284,0
DA:285,0
DA:286,0
DA:292,0
DA:294,0
DA:295,0
DA:296,0
DA:299,0
DA:302,0
DA:303,0
DA:309,0
DA:310,0
DA:311,0
DA:312,0
DA:313,0
DA:314,0
DA:318,0
DA:320,0
DA:321,0
DA:322,0
DA:326,0
DA:327,0
DA:328,0
DA:329,0
DA:333,0
DA:335,0
DA:337,0
DA:338,0
DA:339,0
DA:342,0
DA:343,0
DA:348,0
DA:349,0
DA:350,0
DA:351,0
DA:352,0
DA:353,0
DA:354,0
DA:355,0
DA:356,0
DA:366,0
DA:367,0
DA:368,0
DA:370,0
DA:371,0
DA:373,0
DA:374,0
DA:375,0
DA:376,0
DA:377,0
DA:388,0
DA:389,0
DA:391,0
DA:392,0
DA:394,0
DA:399,0
DA:402,0
DA:403,0
DA:407,0
DA:408,0
DA:409,0
DA:410,0
DA:411,0
DA:413,0
DA:416,0
DA:417,0
DA:418,0
DA:420,0
DA:422,0
DA:424,0
DA:425,0
DA:428,0
DA:429,0
DA:434,0
DA:435,0
DA:436,0
DA:438,0
DA:440,0
DA:441,0
DA:445,0
DA:447,0
DA:448,0
DA:453,0
DA:454,0
DA:455,0
DA:456,0
DA:457,0
DA:458,0
DA:460,0
DA:461,0
DA:462,0
DA:463,0
DA:474,0
DA:475,0
DA:476,0
DA:478,0
DA:479,0
DA:481,0
DA:482,0
DA:483,0
DA:484,0
DA:486,0
DA:487,0
DA:488,0
DA:489,0
DA:490,0
DA:496,0
DA:497,0
DA:499,0
DA:500,0
DA:501,0
DA:504,0
DA:505,0
DA:506,0
DA:508,0
DA:514,0
DA:516,0
DA:517,0
DA:518,0
DA:520,0
DA:521,0
DA:522,0
DA:523,0
DA:531,0
DA:532,0
DA:533,0
DA:535,0
DA:538,0
DA:540,0
DA:543,0
DA:544,0
DA:545,0
DA:547,0
DA:550,0
DA:551,0
DA:554,0
DA:556,0
DA:557,0
DA:558,0
DA:560,0
DA:563,0
DA:564,0
DA:565,0
DA:567,0
DA:570,0
DA:571,0
DA:577,0
DA:578,0
DA:579,0
DA:580,0
DA:581,0
DA:582,0
DA:585,0
DA:589,0
DA:590,0
DA:593,0
DA:599,0
DA:601,0
DA:604,0
LF:295
LH:0
end_of_record
SF:lib/screens/adminleadershippage.dart
DA:12,4
DA:14,0
DA:15,0
DA:22,0
DA:24,0
DA:25,0
DA:28,0
DA:29,0
DA:33,0
DA:35,0
DA:39,0
DA:40,0
DA:41,0
DA:42,0
DA:43,0
DA:45,0
DA:46,0
DA:47,0
DA:48,0
DA:49,0
DA:52,0
DA:53,0
DA:54,0
DA:55,0
DA:58,0
DA:62,0
DA:63,0
DA:66,0
DA:67,0
DA:70,0
DA:72,0
DA:73,0
DA:74,0
DA:75,0
DA:76,0
DA:77,0
DA:78,0
DA:80,0
DA:81,0
DA:82,0
DA:83,0
DA:85,0
DA:86,0
DA:87,0
DA:89,0
DA:90,0
DA:91,0
DA:92,0
DA:94,0
DA:95,0
DA:98,0
DA:99,0
DA:102,0
DA:103,0
DA:106,0
DA:107,0
DA:110,0
DA:111,0
DA:114,0
DA:115,0
DA:119,0
DA:120,0
DA:123,0
DA:124,0
DA:128,0
DA:129,0
DA:132,0
DA:133,0
DA:137,0
DA:138,0
DA:142,0
DA:143,0
DA:144,0
DA:148,0
DA:149,0
DA:150,0
DA:151,0
DA:152,0
DA:153,0
DA:154,0
DA:155,0
DA:157,0
DA:162,0
DA:169,0
DA:170,0
DA:171,0
DA:173,0
DA:174,0
DA:175,0
DA:180,0
DA:181,0
DA:183,0
DA:184,0
DA:185,0
DA:187,0
DA:188,0
DA:192,0
DA:193,0
DA:195,0
DA:196,0
DA:197,0
DA:198,0
DA:199,0
DA:200,0
DA:205,0
DA:206,0
DA:210,0
DA:213,0
DA:221,0
DA:233,0
DA:236,0
DA:242,0
DA:249,0
DA:250,0
DA:251,0
DA:252,0
DA:255,0
DA:256,0
DA:259,0
DA:261,0
DA:262,0
DA:263,0
DA:264,0
DA:272,0
DA:273,0
DA:274,0
DA:275,0
DA:276,0
DA:284,0
DA:285,0
DA:286,0
DA:287,0
DA:289,0
DA:290,0
DA:292,0
DA:293,0
DA:295,0
DA:296,0
DA:297,0
DA:299,0
DA:300,0
DA:301,0
DA:305,0
DA:306,0
DA:308,0
DA:309,0
DA:310,0
DA:311,0
DA:312,0
DA:313,0
DA:316,0
DA:317,0
DA:326,0
DA:328,0
DA:330,0
DA:332,0
DA:333,0
DA:334,0
DA:341,0
DA:342,0
DA:343,0
DA:344,0
DA:345,0
DA:353,0
DA:355,0
DA:356,0
DA:357,0
DA:359,0
DA:365,0
DA:366,0
DA:367,0
DA:368,0
DA:369,0
DA:372,0
DA:376,0
DA:379,0
DA:381,0
DA:382,0
DA:383,0
DA:384,0
DA:385,0
DA:387,0
DA:388,0
DA:390,0
DA:391,0
DA:392,0
DA:402,0
DA:403,0
DA:404,0
DA:406,0
DA:408,0
DA:409,0
DA:411,0
DA:412,0
DA:413,0
DA:414,0
DA:415,0
DA:416,0
DA:418,0
DA:421,0
DA:422,0
DA:423,0
DA:424,0
DA:427,0
DA:428,0
DA:430,0
DA:432,0
DA:435,0
DA:436,0
DA:438,0
DA:439,0
DA:440,0
DA:441,0
DA:442,0
DA:446,0
DA:447,0
DA:448,0
DA:450,0
DA:451,0
DA:452,0
DA:463,0
DA:464,0
DA:466,0
DA:467,0
DA:468,0
DA:469,0
DA:471,0
DA:472,0
DA:474,0
DA:475,0
DA:476,0
DA:478,0
DA:479,0
DA:480,0
DA:482,0
DA:483,0
DA:484,0
DA:485,0
DA:486,0
DA:488,0
DA:490,0
DA:491,0
DA:492,0
DA:496,0
DA:497,0
DA:498,0
DA:500,0
DA:501,0
DA:502,0
DA:503,0
DA:504,0
DA:505,0
DA:506,0
DA:507,0
DA:508,0
DA:509,0
DA:511,0
DA:512,0
DA:513,0
DA:514,0
DA:515,0
DA:516,0
DA:517,0
DA:521,0
DA:526,0
DA:527,0
DA:528,0
DA:529,0
DA:530,0
DA:531,0
DA:533,0
DA:534,0
DA:535,0
DA:536,0
DA:537,0
DA:538,0
DA:540,0
DA:545,0
DA:546,0
DA:547,0
DA:552,0
DA:553,0
DA:554,0
DA:555,0
DA:556,0
DA:558,0
DA:560,0
DA:561,0
DA:562,0
DA:563,0
DA:564,0
DA:565,0
DA:566,0
DA:573,0
DA:574,0
DA:575,0
DA:576,0
DA:578,0
DA:581,0
DA:582,0
DA:583,0
DA:584,0
DA:585,0
DA:586,0
DA:589,0
DA:590,0
DA:591,0
DA:593,0
DA:594,0
DA:595,0
DA:596,0
DA:597,0
DA:598,0
DA:599,0
DA:600,0
DA:601,0
DA:602,0
DA:606,0
DA:607,0
DA:608,0
DA:609,0
DA:610,0
DA:611,0
DA:612,0
DA:613,0
DA:615,0
DA:616,0
DA:619,0
DA:620,0
DA:621,0
DA:623,0
DA:624,0
DA:625,0
DA:626,0
DA:627,0
DA:628,0
DA:629,0
DA:630,0
DA:631,0
DA:632,0
DA:642,0
DA:643,0
DA:645,0
LF:343
LH:1
end_of_record
SF:lib/screens/adminlistspage.dart
DA:32,0
DA:39,0
DA:40,0
DA:41,0
DA:42,0
DA:43,0
DA:44,0
DA:45,0
DA:46,0
DA:47,0
DA:48,0
DA:49,0
DA:50,0
DA:51,0
DA:52,0
DA:53,0
DA:54,0
DA:56,0
DA:62,2
DA:64,0
DA:65,0
DA:105,0
DA:107,0
DA:108,0
DA:111,0
DA:113,0
DA:117,0
DA:118,0
DA:119,0
DA:122,0
DA:123,0
DA:124,0
DA:127,0
DA:128,0
DA:129,0
DA:130,0
DA:131,0
DA:137,0
DA:139,0
DA:142,0
DA:145,0
DA:150,0
DA:152,0
DA:153,0
DA:154,0
DA:159,0
DA:160,0
DA:161,0
DA:162,0
DA:165,0
DA:166,0
DA:167,0
DA:168,0
DA:175,0
DA:180,0
DA:181,0
DA:182,0
DA:188,0
DA:190,0
DA:191,0
DA:193,0
DA:196,0
DA:197,0
DA:198,0
DA:205,0
DA:206,0
DA:207,0
DA:208,0
DA:213,0
DA:214,0
DA:215,0
DA:217,0
DA:218,0
DA:223,0
DA:225,0
DA:228,0
DA:230,0
DA:234,0
DA:237,0
DA:238,0
DA:239,0
DA:240,0
DA:243,0
DA:244,0
DA:247,0
DA:248,0
DA:249,0
DA:250,0
DA:251,0
DA:255,0
DA:256,0
DA:257,0
DA:258,0
DA:261,0
DA:262,0
DA:264,0
DA:265,0
DA:266,0
DA:272,0
DA:274,0
DA:275,0
DA:276,0
DA:277,0
DA:281,0
DA:282,0
DA:283,0
DA:285,0
DA:290,0
DA:291,0
DA:292,0
DA:293,0
DA:294,0
DA:295,0
DA:296,0
DA:297,0
DA:298,0
DA:299,0
DA:300,0
DA:302,0
DA:303,0
DA:304,0
DA:305,0
DA:306,0
DA:307,0
DA:310,0
DA:312,0
DA:313,0
DA:314,0
DA:316,0
DA:317,0
DA:321,0
DA:323,0
DA:324,0
DA:327,0
DA:328,0
DA:330,0
DA:331,0
DA:334,0
DA:335,0
DA:339,0
DA:341,0
DA:344,0
DA:345,0
DA:349,0
DA:350,0
DA:351,0
DA:360,0
DA:361,0
DA:363,0
DA:366,0
DA:367,0
DA:369,0
DA:371,0
DA:376,0
DA:377,0
DA:379,0
DA:381,0
DA:387,0
DA:388,0
DA:389,0
DA:390,0
DA:391,0
DA:392,0
DA:393,0
DA:394,0
DA:401,0
DA:407,0
DA:409,0
DA:413,0
DA:414,0
DA:415,0
DA:419,0
DA:422,0
DA:423,0
DA:426,0
DA:427,0
DA:430,0
DA:432,0
DA:433,0
DA:435,0
DA:438,0
DA:439,0
DA:443,0
DA:446,0
DA:448,0
DA:449,0
DA:450,0
DA:452,0
DA:453,0
DA:454,0
DA:455,0
DA:456,0
DA:457,0
DA:458,0
DA:460,0
DA:462,0
DA:465,0
DA:468,0
DA:469,0
DA:470,0
DA:471,0
DA:476,0
DA:477,0
DA:479,0
DA:480,0
DA:482,0
DA:484,0
DA:486,0
DA:487,0
DA:488,0
DA:489,0
DA:492,0
DA:495,0
DA:496,0
DA:503,0
DA:505,0
DA:509,0
DA:513,0
DA:518,0
DA:520,0
DA:524,0
DA:528,0
DA:529,0
DA:530,0
DA:531,0
DA:532,0
DA:538,0
DA:540,0
DA:544,0
DA:548,0
DA:551,0
DA:552,0
DA:553,0
DA:554,0
DA:555,0
DA:556,0
DA:557,0
DA:561,0
DA:562,0
DA:563,0
DA:564,0
DA:565,0
DA:566,0
DA:567,0
DA:568,0
DA:569,0
DA:570,0
DA:574,0
DA:580,0
DA:581,0
DA:583,0
DA:587,0
DA:590,0
DA:591,0
DA:594,0
DA:595,0
DA:596,0
DA:597,0
DA:601,0
DA:604,0
DA:608,0
DA:611,0
DA:614,0
DA:617,0
DA:619,0
DA:623,0
DA:624,0
DA:627,0
DA:629,0
DA:632,0
DA:633,0
DA:653,0
DA:654,0
DA:655,0
DA:658,0
DA:660,0
DA:661,0
DA:663,0
DA:664,0
DA:665,0
DA:666,0
DA:667,0
DA:668,0
DA:669,0
DA:672,0
DA:675,0
DA:676,0
DA:683,0
DA:684,0
DA:686,0
DA:688,0
DA:689,0
DA:698,0
DA:699,0
DA:700,0
DA:702,0
DA:703,0
DA:704,0
DA:706,0
DA:708,0
DA:709,0
DA:710,0
DA:713,0
DA:714,0
DA:717,0
DA:718,0
DA:719,0
DA:731,0
DA:734,0
DA:736,0
DA:737,0
DA:738,0
DA:739,0
DA:740,0
DA:741,0
DA:743,0
DA:744,0
DA:745,0
DA:748,0
DA:749,0
DA:750,0
DA:751,0
DA:753,0
DA:754,0
DA:755,0
DA:759,0
DA:762,0
DA:763,0
DA:764,0
DA:765,0
DA:766,0
DA:767,0
DA:770,0
DA:771,0
DA:772,0
DA:777,0
DA:778,0
DA:779,0
DA:780,0
DA:781,0
DA:782,0
DA:783,0
DA:789,0
DA:790,0
DA:792,0
DA:795,0
DA:797,0
DA:798,0
DA:799,0
DA:800,0
DA:801,0
DA:802,0
DA:803,0
DA:804,0
DA:805,0
DA:806,0
DA:807,0
DA:808,0
DA:809,0
DA:812,0
DA:815,0
DA:816,0
DA:818,0
DA:819,0
DA:820,0
DA:821,0
DA:824,0
DA:825,0
DA:826,0
DA:835,0
DA:836,0
DA:837,0
DA:838,0
DA:840,0
DA:841,0
DA:844,0
DA:845,0
DA:846,0
DA:849,0
DA:850,0
DA:853,0
DA:854,0
DA:855,0
DA:856,0
DA:857,0
DA:858,0
DA:859,0
DA:865,0
DA:866,0
DA:868,0
DA:870,0
DA:884,0
DA:885,0
DA:886,0
DA:887,0
DA:889,0
DA:890,0
DA:892,0
DA:895,0
DA:899,0
DA:900,0
DA:903,0
DA:904,0
DA:905,0
DA:908,0
DA:911,0
DA:912,0
DA:913,0
DA:921,0
DA:930,0
DA:932,0
DA:933,0
DA:935,0
DA:936,0
DA:945,0
DA:946,0
DA:948,0
DA:949,0
DA:950,0
DA:951,0
DA:952,0
DA:955,0
DA:956,0
DA:957,0
DA:958,0
DA:961,0
DA:962,0
DA:968,0
DA:969,0
DA:970,0
DA:971,0
DA:972,0
DA:973,0
DA:974,0
DA:976,0
DA:977,0
DA:980,0
DA:981,0
DA:982,0
DA:983,0
DA:984,0
DA:988,0
DA:989,0
DA:990,0
DA:993,0
DA:996,0
DA:997,0
DA:998,0
DA:1000,0
DA:1001,0
DA:1002,0
DA:1004,0
DA:1006,0
DA:1011,0
DA:1015,0
DA:1016,0
DA:1017,0
DA:1018,0
DA:1019,0
DA:1020,0
DA:1024,0
DA:1028,0
DA:1029,0
DA:1031,0
DA:1032,0
DA:1034,0
DA:1035,0
DA:1037,0
DA:1038,0
DA:1042,0
DA:1043,0
DA:1051,0
DA:1059,0
DA:1073,0
DA:1074,0
DA:1081,0
DA:1082,0
DA:1083,0
DA:1086,0
DA:1087,0
DA:1089,0
DA:1090,0
DA:1092,0
DA:1094,0
DA:1095,0
DA:1097,0
DA:1099,0
DA:1102,0
DA:1103,0
DA:1105,0
DA:1107,0
DA:1108,0
DA:1109,0
DA:1111,0
DA:1112,0
DA:1115,0
DA:1117,0
DA:1118,0
DA:1120,0
DA:1122,0
DA:1129,0
DA:1142,0
DA:1143,0
DA:1145,0
DA:1147,0
DA:1151,0
DA:1155,0
DA:1156,0
DA:1161,0
DA:1162,0
DA:1164,0
DA:1166,0
DA:1170,0
DA:1173,0
DA:1174,0
DA:1179,0
DA:1180,0
DA:1182,0
DA:1184,0
DA:1188,0
DA:1191,0
DA:1192,0
DA:1193,0
DA:1194,0
DA:1199,0
DA:1200,0
DA:1202,0
DA:1203,0
DA:1204,0
DA:1207,0
DA:1209,0
DA:1210,0
DA:1214,0
DA:1217,0
DA:1222,0
DA:1223,0
DA:1225,0
DA:1226,0
DA:1227,0
DA:1230,0
DA:1232,0
DA:1233,0
DA:1237,0
DA:1251,0
DA:1253,0
DA:1255,0
DA:1257,0
DA:1258,0
DA:1260,0
DA:1262,0
DA:1266,0
DA:1267,0
DA:1268,0
DA:1270,0
DA:1271,0
DA:1272,0
DA:1276,0
DA:1280,0
DA:1282,0
DA:1283,0
DA:1284,0
DA:1287,0
DA:1288,0
DA:1291,0
DA:1292,0
DA:1302,0
DA:1303,0
DA:1306,0
DA:1310,0
DA:1313,0
DA:1314,0
DA:1317,0
DA:1318,0
DA:1320,0
DA:1322,0
DA:1323,0
DA:1325,0
DA:1327,0
DA:1328,0
DA:1329,0
DA:1330,0
DA:1333,0
DA:1336,0
DA:1338,0
DA:1340,0
DA:1346,0
DA:1347,0
DA:1357,0
DA:1358,0
DA:1359,0
DA:1364,0
DA:1370,0
DA:1371,0
DA:1372,0
DA:1383,0
DA:1384,0
DA:1386,0
DA:1388,0
DA:1389,0
DA:1391,0
DA:1393,0
DA:1394,0
DA:1395,0
DA:1396,0
DA:1399,0
DA:1402,0
DA:1404,0
DA:1406,0
DA:1411,0
DA:1413,0
DA:1414,0
DA:1415,0
DA:1416,0
DA:1420,0
DA:1421,0
DA:1424,0
DA:1425,0
DA:1426,0
DA:1427,0
DA:1431,0
DA:1434,0
DA:1435,0
DA:1436,0
DA:1437,0
DA:1449,0
DA:1450,0
DA:1452,0
DA:1454,0
DA:1455,0
DA:1457,0
DA:1459,0
DA:1460,0
DA:1461,0
DA:1462,0
DA:1465,0
DA:1468,0
DA:1470,0
DA:1472,0
DA:1477,0
DA:1479,0
DA:1480,0
DA:1481,0
DA:1482,0
DA:1486,0
DA:1488,0
DA:1490,0
DA:1492,0
DA:1496,0
DA:1498,0
DA:1499,0
DA:1500,0
DA:1503,0
DA:1504,0
DA:1505,0
DA:1506,0
DA:1507,0
DA:1513,0
DA:1514,0
DA:1515,0
DA:1516,0
DA:1518,0
DA:1519,0
DA:1520,0
DA:1535,0
DA:1536,0
DA:1538,0
DA:1539,0
DA:1540,0
DA:1543,0
DA:1544,0
DA:1545,0
DA:1549,0
DA:1550,0
DA:1551,0
DA:1552,0
DA:1553,0
DA:1557,0
DA:1558,0
DA:1560,0
DA:1561,0
DA:1562,0
DA:1563,0
DA:1564,0
DA:1566,0
DA:1567,0
DA:1568,0
DA:1569,0
DA:1570,0
DA:1571,0
DA:1572,0
DA:1573,0
DA:1574,0
DA:1575,0
DA:1582,0
DA:1583,0
DA:1585,0
DA:1586,0
DA:1587,0
DA:1588,0
DA:1589,0
DA:1592,0
DA:1594,0
DA:1596,0
DA:1602,0
DA:1605,0
DA:1607,0
DA:1609,0
DA:1611,0
DA:1612,0
DA:1614,0
DA:1616,0
DA:1620,0
DA:1623,0
DA:1624,0
DA:1625,0
DA:1629,0
DA:1633,0
DA:1634,0
DA:1635,0
DA:1636,0
DA:1645,0
DA:1647,0
DA:1648,0
DA:1650,0
DA:1651,0
DA:1653,0
DA:1654,0
DA:1656,0
DA:1657,0
DA:1659,0
DA:1660,0
DA:1661,0
DA:1662,0
DA:1663,0
DA:1664,0
DA:1665,0
DA:1668,0
DA:1671,0
DA:1679,0
DA:1681,0
DA:1682,0
DA:1684,0
DA:1685,0
DA:1686,0
DA:1687,0
DA:1688,0
DA:1692,0
DA:1693,0
DA:1697,0
DA:1698,0
DA:1699,0
DA:1701,0
DA:1703,0
DA:1704,0
DA:1708,0
DA:1709,0
DA:1710,0
DA:1714,0
DA:1722,0
DA:1724,0
DA:1725,0
DA:1727,0
DA:1728,0
DA:1729,0
DA:1730,0
DA:1731,0
DA:1735,0
DA:1736,0
DA:1740,0
DA:1741,0
DA:1742,0
DA:1744,0
DA:1746,0
DA:1747,0
DA:1751,0
DA:1752,0
DA:1753,0
DA:1757,0
DA:1765,0
DA:1767,0
DA:1768,0
DA:1770,0
DA:1771,0
DA:1772,0
DA:1773,0
DA:1774,0
DA:1778,0
DA:1779,0
DA:1783,0
DA:1784,0
DA:1785,0
DA:1787,0
DA:1789,0
DA:1790,0
DA:1794,0
DA:1795,0
DA:1796,0
DA:1800,0
DA:1808,0
DA:1809,0
DA:1817,0
DA:1830,0
DA:1831,0
DA:1832,0
DA:1833,0
DA:1834,0
DA:1835,0
DA:1838,0
DA:1840,0
DA:1841,0
DA:1842,0
DA:1843,0
DA:1845,0
DA:1846,0
DA:1847,0
DA:1848,0
DA:1849,0
DA:1850,0
DA:1852,0
DA:1856,0
DA:1859,0
DA:1862,0
DA:1863,0
DA:1865,0
DA:1866,0
DA:1868,0
DA:1869,0
DA:1870,0
DA:1871,0
DA:1873,0
DA:1875,0
DA:1883,0
DA:1885,0
DA:1886,0
DA:1887,0
DA:1889,0
DA:1890,0
DA:1891,0
DA:1892,0
DA:1893,0
DA:1894,0
DA:1895,0
DA:1897,0
DA:1903,0
DA:1904,0
DA:1905,0
DA:1914,0
DA:1916,0
DA:1917,0
DA:1925,0
DA:1927,0
DA:1929,0
DA:1930,0
DA:1931,0
DA:1935,0
DA:1937,0
DA:1939,0
DA:1940,0
DA:1941,0
DA:1948,0
DA:1949,0
DA:1950,0
DA:1951,0
DA:1952,0
DA:1955,0
DA:1957,0
DA:1959,0
DA:1961,0
DA:1963,0
DA:1964,0
DA:1971,0
DA:1973,0
DA:1975,0
DA:1976,0
DA:1979,0
DA:1981,0
DA:1983,0
DA:1984,0
DA:1989,0
DA:1992,0
DA:1994,0
DA:1996,0
DA:1997,0
DA:2002,0
DA:2005,0
DA:2007,0
DA:2009,0
DA:2010,0
DA:2030,0
DA:2031,0
DA:2032,0
DA:2033,0
DA:2038,0
DA:2039,0
DA:2040,0
DA:2041,0
DA:2042,0
DA:2044,0
DA:2045,0
DA:2047,0
DA:2049,0
DA:2050,0
DA:2051,0
DA:2053,0
DA:2056,0
DA:2057,0
DA:2058,0
DA:2060,0
DA:2065,0
DA:2067,0
DA:2068,0
DA:2071,0
DA:2072,0
DA:2081,0
DA:2082,0
DA:2084,0
DA:2085,0
DA:2086,0
DA:2087,0
DA:2089,0
DA:2090,0
DA:2091,0
DA:2092,0
DA:2093,0
DA:2094,0
DA:2096,0
DA:2097,0
DA:2098,0
DA:2101,0
DA:2102,0
DA:2104,0
DA:2105,0
DA:2106,0
DA:2108,0
DA:2110,0
DA:2112,0
DA:2114,0
DA:2115,0
DA:2116,0
DA:2120,0
DA:2122,0
DA:2124,0
DA:2126,0
DA:2127,0
DA:2128,0
DA:2141,0
DA:2143,0
DA:2145,0
DA:2146,0
DA:2147,0
DA:2148,0
DA:2151,0
DA:2152,0
DA:2157,0
DA:2158,0
DA:2159,0
DA:2162,0
DA:2163,0
DA:2164,0
DA:2181,0
DA:2182,0
DA:2184,0
DA:2187,0
DA:2188,0
DA:2189,0
DA:2193,0
DA:2195,0
DA:2196,0
DA:2197,0
DA:2198,0
DA:2199,0
DA:2200,0
DA:2205,0
DA:2208,0
DA:2212,0
DA:2216,0
DA:2217,0
DA:2220,0
DA:2221,0
DA:2222,0
DA:2223,0
DA:2225,0
DA:2227,0
DA:2228,0
DA:2231,0
DA:2232,0
DA:2238,0
DA:2242,0
DA:2243,0
DA:2247,0
DA:2248,0
DA:2249,0
DA:2250,0
DA:2251,0
DA:2252,0
DA:2253,0
DA:2254,0
DA:2256,0
DA:2257,0
DA:2258,0
DA:2260,0
DA:2261,0
DA:2262,0
DA:2267,0
DA:2268,0
DA:2270,0
DA:2271,0
DA:2272,0
DA:2275,0
DA:2276,0
DA:2279,0
DA:2280,0
DA:2281,0
DA:2282,0
DA:2283,0
DA:2284,0
DA:2285,0
DA:2287,0
DA:2289,0
DA:2290,0
DA:2291,0
DA:2292,0
DA:2293,0
DA:2294,0
DA:2295,0
DA:2297,0
DA:2299,0
DA:2300,0
DA:2301,0
DA:2307,0
DA:2308,0
DA:2309,0
DA:2310,0
DA:2311,0
DA:2312,0
DA:2313,0
DA:2315,0
DA:2316,0
DA:2320,0
DA:2322,0
DA:2323,0
DA:2324,0
DA:2325,0
DA:2328,0
DA:2332,0
DA:2333,0
DA:2334,0
DA:2336,0
DA:2340,0
DA:2341,0
DA:2342,0
DA:2345,0
DA:2348,0
DA:2349,0
DA:2350,0
DA:2352,0
DA:2359,0
DA:2361,0
DA:2363,0
DA:2364,0
DA:2365,0
DA:2367,0
DA:2368,0
DA:2369,0
DA:2370,0
DA:2371,0
DA:2372,0
DA:2373,0
DA:2374,0
DA:2376,0
DA:2377,0
DA:2378,0
DA:2380,0
DA:2387,0
DA:2388,0
DA:2389,0
DA:2390,0
DA:2392,0
DA:2393,0
DA:2395,0
DA:2397,0
DA:2399,0
DA:2400,0
DA:2401,0
DA:2408,0
DA:2410,0
DA:2412,0
DA:2414,0
DA:2419,0
DA:2420,0
DA:2422,0
DA:2423,0
DA:2424,0
DA:2425,0
DA:2426,0
DA:2427,0
DA:2429,0
DA:2431,0
DA:2434,0
DA:2435,0
DA:2436,0
DA:2438,0
DA:2441,0
DA:2442,0
DA:2443,0
DA:2446,0
DA:2449,0
DA:2450,0
DA:2451,0
DA:2453,0
DA:2456,0
DA:2458,0
DA:2459,0
DA:2460,0
DA:2463,0
DA:2466,0
DA:2467,0
DA:2468,0
DA:2470,0
DA:2471,0
DA:2477,0
DA:2480,0
DA:2481,0
DA:2482,0
DA:2484,0
DA:2485,0
DA:2494,0
DA:2504,0
DA:2505,0
DA:2506,0
DA:2508,0
DA:2509,0
DA:2510,0
DA:2512,0
DA:2514,0
DA:2519,0
DA:2520,0
DA:2522,0
DA:2524,0
DA:2525,0
DA:2526,0
DA:2527,0
DA:2529,0
DA:2530,0
DA:2531,0
DA:2532,0
DA:2535,0
DA:2539,0
DA:2541,0
DA:2543,0
DA:2549,0
DA:2551,0
DA:2559,0
DA:2560,0
DA:2563,0
DA:2565,0
DA:2570,0
DA:2571,0
DA:2572,0
DA:2573,0
DA:2575,0
DA:2576,0
DA:2577,0
DA:2581,0
DA:2582,0
DA:2583,0
DA:2584,0
DA:2589,0
DA:2593,0
DA:2595,0
DA:2596,0
DA:2600,0
DA:2601,0
DA:2606,0
DA:2612,0
DA:2613,0
DA:2614,0
DA:2615,0
DA:2616,0
DA:2617,0
DA:2619,0
DA:2622,0
DA:2623,0
DA:2624,0
DA:2625,0
DA:2627,0
DA:2631,0
DA:2633,0
DA:2635,0
DA:2636,0
DA:2637,0
DA:2638,0
DA:2639,0
DA:2640,0
DA:2641,0
DA:2642,0
DA:2643,0
DA:2644,0
DA:2645,0
DA:2648,0
DA:2649,0
DA:2651,0
DA:2654,0
DA:2663,0
DA:2664,0
DA:2665,0
DA:2667,0
DA:2668,0
DA:2669,0
DA:2673,0
DA:2676,0
DA:2678,0
DA:2679,0
DA:2680,0
DA:2681,0
DA:2682,0
DA:2683,0
DA:2684,0
DA:2686,0
DA:2688,0
DA:2700,0
DA:2702,0
DA:2704,0
DA:2706,0
DA:2708,0
DA:2711,0
DA:2713,0
DA:2714,0
DA:2715,0
DA:2716,0
DA:2717,0
DA:2721,0
DA:2722,0
DA:2723,0
DA:2724,0
DA:2725,0
DA:2726,0
DA:2727,0
DA:2737,0
DA:2739,0
DA:2740,0
DA:2741,0
DA:2742,0
DA:2748,0
DA:2751,0
DA:2752,0
DA:2753,0
DA:2758,0
DA:2761,0
DA:2762,0
DA:2763,0
DA:2766,0
DA:2769,0
DA:2775,0
DA:2779,0
DA:2780,0
DA:2781,0
DA:2783,0
DA:2784,0
DA:2785,0
DA:2786,0
DA:2795,0
DA:2796,0
DA:2798,0
DA:2799,0
DA:2800,0
DA:2801,0
DA:2803,0
DA:2804,0
DA:2807,0
DA:2809,0
DA:2810,0
DA:2811,0
DA:2812,0
DA:2815,0
DA:2816,0
DA:2817,0
DA:2818,0
DA:2819,0
DA:2822,0
DA:2823,0
DA:2824,0
DA:2826,0
DA:2827,0
DA:2828,0
DA:2829,0
DA:2832,0
DA:2835,0
DA:2837,0
DA:2838,0
DA:2839,0
DA:2840,0
DA:2845,0
DA:2846,0
DA:2847,0
DA:2849,0
DA:2850,0
DA:2851,0
DA:2862,0
DA:2864,0
DA:2868,0
DA:2871,0
DA:2873,0
DA:2874,0
DA:2875,0
DA:2880,0
DA:2881,0
DA:2882,0
DA:2883,0
DA:2886,0
DA:2887,0
DA:2888,0
DA:2891,0
DA:2892,0
DA:2894,0
DA:2898,0
DA:2899,0
DA:2900,0
DA:2901,0
DA:2902,0
DA:2904,0
DA:2905,0
DA:2907,0
DA:2909,0
DA:2910,0
DA:2911,0
DA:2913,0
DA:2914,0
DA:2915,0
DA:2916,0
DA:2917,0
DA:2924,0
DA:2925,0
DA:2927,0
DA:2928,0
DA:2929,0
DA:2935,0
DA:2936,0
DA:2937,0
DA:2938,0
DA:2944,0
DA:2949,0
DA:2950,0
DA:2953,0
DA:2955,0
DA:2958,0
DA:2959,0
DA:2966,0
DA:2968,0
DA:2969,0
DA:2972,0
DA:2973,0
DA:2983,0
DA:2985,0
DA:2989,0
DA:2990,0
DA:2991,0
DA:2992,0
DA:2993,0
DA:2994,0
DA:2996,0
DA:2998,0
DA:3001,0
DA:3002,0
DA:3003,0
DA:3005,0
DA:3007,0
DA:3008,0
DA:3018,0
DA:3020,0
DA:3022,0
DA:3023,0
DA:3024,0
DA:3025,0
DA:3028,0
DA:3029,0
DA:3034,0
DA:3035,0
DA:3036,0
DA:3039,0
DA:3040,0
DA:3041,0
DA:3058,0
DA:3060,0
DA:3062,0
DA:3063,0
DA:3065,0
DA:3066,0
DA:3067,0
DA:3069,0
DA:3071,0
DA:3077,0
DA:3079,0
DA:3092,0
DA:3093,0
DA:3094,0
DA:3095,0
DA:3097,0
DA:3098,0
DA:3105,0
DA:3107,0
DA:3108,0
DA:3109,0
DA:3110,0
DA:3111,0
DA:3112,0
DA:3113,0
DA:3114,0
DA:3115,0
DA:3124,0
DA:3127,0
DA:3128,0
DA:3130,0
DA:3133,0
DA:3134,0
DA:3137,0
DA:3138,0
DA:3139,0
DA:3140,0
DA:3141,0
DA:3142,0
DA:3143,0
DA:3144,0
DA:3145,0
DA:3149,0
DA:3150,0
DA:3153,0
DA:3156,0
DA:3160,0
DA:3161,0
DA:3162,0
DA:3163,0
DA:3164,0
DA:3165,0
DA:3167,0
DA:3171,0
DA:3172,0
DA:3173,0
DA:3178,0
DA:3179,0
DA:3185,0
DA:3186,0
DA:3187,0
DA:3188,0
DA:3190,0
DA:3193,0
DA:3204,0
DA:3205,0
DA:3208,0
DA:3209,0
DA:3210,0
DA:3211,0
DA:3212,0
DA:3213,0
DA:3214,0
DA:3215,0
DA:3217,0
DA:3218,0
DA:3219,0
DA:3220,0
DA:3221,0
DA:3222,0
DA:3223,0
DA:3225,0
DA:3229,0
DA:3233,0
DA:3235,0
DA:3236,0
DA:3239,0
DA:3252,0
DA:3254,0
DA:3255,0
DA:3256,0
DA:3260,0
DA:3261,0
DA:3262,0
DA:3263,0
DA:3264,0
DA:3267,0
DA:3269,0
DA:3270,0
DA:3271,0
DA:3272,0
DA:3273,0
DA:3281,0
DA:3282,0
DA:3287,0
DA:3295,0
DA:3296,0
DA:3297,0
DA:3300,0
DA:3304,0
DA:3309,0
DA:3319,0
DA:3320,0
DA:3321,0
DA:3322,0
DA:3329,0
DA:3330,0
DA:3332,0
DA:3333,0
DA:3336,0
DA:3337,0
DA:3342,0
DA:3346,0
DA:3347,0
DA:3351,0
DA:3354,0
DA:3361,0
DA:3362,0
DA:3369,0
DA:3372,0
DA:3373,0
DA:3374,0
DA:3380,0
DA:3381,0
DA:3382,0
DA:3385,0
DA:3386,0
DA:3388,0
DA:3392,0
DA:3396,0
DA:3397,0
DA:3399,0
DA:3402,0
DA:3404,0
DA:3405,0
DA:3408,0
DA:3413,0
DA:3418,0
DA:3419,0
DA:3420,0
DA:3425,0
DA:3429,0
DA:3432,0
DA:3433,0
DA:3435,0
DA:3438,0
DA:3443,0
DA:3446,0
DA:3447,0
DA:3449,0
DA:3450,0
DA:3451,0
DA:3460,0
DA:3461,0
DA:3462,0
DA:3463,0
DA:3464,0
DA:3468,0
DA:3469,0
DA:3470,0
DA:3471,0
DA:3473,0
DA:3478,0
DA:3479,0
DA:3480,0
DA:3481,0
DA:3486,0
DA:3487,0
DA:3488,0
DA:3493,0
DA:3495,0
DA:3496,0
DA:3497,0
DA:3499,0
DA:3502,0
DA:3505,0
DA:3506,0
DA:3507,0
DA:3508,0
DA:3509,0
DA:3511,0
DA:3518,0
DA:3520,0
DA:3524,0
DA:3525,0
DA:3526,0
DA:3528,0
DA:3532,0
DA:3534,0
DA:3535,0
DA:3540,0
DA:3541,0
DA:3542,0
DA:3543,0
DA:3544,0
DA:3545,0
DA:3547,0
DA:3548,0
DA:3549,0
DA:3555,0
DA:3557,0
DA:3558,0
DA:3559,0
DA:3565,0
DA:3566,0
DA:3567,0
DA:3568,0
DA:3569,0
DA:3571,0
DA:3573,0
DA:3574,0
DA:3577,0
DA:3578,0
DA:3579,0
DA:3582,0
DA:3583,0
DA:3584,0
DA:3585,0
DA:3591,0
DA:3594,0
DA:3595,0
DA:3596,0
DA:3597,0
DA:3598,0
DA:3599,0
DA:3600,0
DA:3601,0
DA:3602,0
DA:3604,0
DA:3607,0
DA:3608,0
DA:3610,0
DA:3614,0
DA:3622,0
DA:3626,0
DA:3627,0
DA:3628,0
DA:3631,0
DA:3632,0
DA:3633,0
DA:3634,0
DA:3637,0
DA:3645,0
DA:3646,0
DA:3650,0
DA:3651,0
DA:3652,0
DA:3653,0
DA:3654,0
DA:3656,0
DA:3657,0
DA:3658,0
DA:3659,0
DA:3660,0
DA:3661,0
DA:3664,0
DA:3667,0
DA:3668,0
DA:3669,0
DA:3670,0
DA:3676,0
DA:3678,0
DA:3680,0
DA:3681,0
DA:3685,0
DA:3687,0
DA:3696,0
DA:3702,0
DA:3703,0
DA:3713,0
DA:3715,0
DA:3716,0
DA:3717,0
DA:3718,0
DA:3719,0
DA:3722,0
DA:3723,0
DA:3724,0
DA:3725,0
DA:3730,0
DA:3732,0
DA:3733,0
DA:3734,0
DA:3739,0
DA:3740,0
DA:3743,0
DA:3745,0
DA:3747,0
DA:3748,0
DA:3749,0
DA:3752,0
DA:3756,0
DA:3758,0
DA:3759,0
DA:3767,0
DA:3768,0
DA:3769,0
DA:3770,0
DA:3776,0
DA:3777,0
DA:3782,0
DA:3786,0
DA:3788,0
DA:3789,0
DA:3790,0
DA:3792,0
DA:3793,0
DA:3794,0
DA:3797,0
DA:3798,0
DA:3799,0
DA:3802,0
DA:3803,0
DA:3805,0
DA:3807,0
DA:3808,0
DA:3813,0
DA:3815,0
DA:3819,0
DA:3820,0
DA:3821,0
DA:3823,0
DA:3824,0
DA:3827,0
DA:3828,0
DA:3837,0
DA:3840,0
[...]
DA:757,0
DA:759,0
DA:762,0
DA:763,0
DA:773,0
DA:776,0
DA:779,0
DA:780,0
DA:781,0
DA:782,0
DA:784,0
DA:786,0
DA:787,0
DA:789,0
DA:791,0
DA:792,0
DA:795,0
DA:798,0
DA:800,0
DA:804,0
DA:805,0
DA:806,0
DA:807,0
DA:808,0
DA:820,0
DA:821,0
DA:822,0
DA:823,0
DA:824,0
DA:825,0
DA:833,0
DA:834,0
DA:839,0
DA:844,0
DA:845,0
DA:846,0
DA:850,0
DA:851,0
DA:855,0
DA:859,0
DA:860,0
DA:863,0
DA:865,0
DA:868,0
DA:878,0
DA:883,0
DA:884,0
DA:886,0
DA:887,0
DA:892,0
DA:894,0
DA:895,0
DA:897,0
DA:899,0
DA:900,0
DA:910,0
DA:911,0
DA:913,0
DA:914,0
DA:918,0
DA:921,0
DA:922,0
DA:923,0
DA:926,0
DA:927,0
DA:930,0
DA:932,0
DA:933,0
DA:934,0
DA:935,0
LF:378
LH:1
end_of_record
SF:lib/screens/manageadminssheet.dart
DA:16,0
DA:29,2
DA:31,0
DA:32,0
DA:42,0
DA:44,0
DA:46,0
DA:47,0
DA:50,0
DA:51,0
DA:52,0
DA:53,0
DA:57,0
DA:59,0
DA:60,0
DA:61,0
DA:67,0
DA:68,0
DA:69,0
DA:70,0
DA:72,0
DA:73,0
DA:74,0
DA:76,0
DA:77,0
DA:78,0
DA:79,0
DA:81,0
DA:82,0
DA:86,0
DA:88,0
DA:89,0
DA:92,0
DA:93,0
DA:94,0
DA:95,0
DA:96,0
DA:97,0
DA:100,0
DA:101,0
DA:102,0
DA:103,0
DA:108,0
DA:109,0
DA:110,0
DA:111,0
DA:112,0
DA:113,0
DA:114,0
DA:115,0
DA:118,0
DA:119,0
DA:120,0
DA:123,0
DA:124,0
DA:125,0
DA:128,0
DA:129,0
DA:131,0
DA:133,0
DA:134,0
DA:135,0
DA:136,0
DA:137,0
DA:139,0
DA:140,0
DA:141,0
DA:142,0
DA:143,0
DA:144,0
DA:145,0
DA:146,0
DA:151,0
DA:152,0
DA:153,0
DA:154,0
DA:155,0
DA:156,0
DA:161,0
DA:165,0
DA:167,0
DA:168,0
DA:169,0
DA:170,0
DA:171,0
DA:172,0
DA:173,0
DA:174,0
DA:175,0
DA:177,0
DA:179,0
DA:180,0
DA:181,0
DA:184,0
DA:185,0
DA:186,0
DA:187,0
DA:189,0
DA:196,0
DA:198,0
DA:199,0
DA:201,0
DA:202,0
DA:203,0
DA:207,0
DA:209,0
DA:212,0
DA:213,0
DA:214,0
DA:215,0
DA:217,0
DA:219,0
DA:226,0
DA:228,0
DA:229,0
DA:233,0
DA:234,0
DA:235,0
DA:239,0
DA:243,0
DA:250,0
DA:251,0
DA:258,0
DA:259,0
DA:261,0
DA:262,0
DA:263,0
DA:265,0
DA:271,0
DA:278,0
DA:280,0
DA:281,0
DA:282,0
DA:286,0
DA:287,0
DA:288,0
DA:289,0
DA:291,0
DA:293,0
DA:295,0
DA:296,0
DA:297,0
DA:298,0
DA:299,0
DA:300,0
DA:301,0
DA:306,0
DA:307,0
DA:308,0
DA:309,0
DA:310,0
DA:316,0
DA:318,0
DA:320,0
DA:322,0
DA:328,0
DA:329,0
DA:331,0
DA:333,0
DA:341,0
DA:342,0
DA:345,0
DA:347,0
LF:163
LH:1
end_of_record
SF:lib/screens/notificationsettingspage.dart
DA:12,2
DA:14,0
DA:16,0
DA:27,0
DA:28,0
DA:29,0
DA:30,0
DA:31,0
DA:33,0
DA:34,0
DA:38,0
DA:42,0
DA:45,0
DA:46,0
DA:47,0
DA:48,0
DA:52,0
DA:57,0
DA:58,0
DA:60,0
DA:63,0
DA:68,0
DA:70,0
DA:71,0
DA:73,0
DA:74,0
DA:76,0
DA:79,0
DA:81,0
DA:84,0
DA:88,0
DA:90,0
DA:92,0
DA:93,0
DA:98,0
DA:104,0
DA:106,0
DA:108,0
DA:109,0
DA:111,0
DA:112,0
DA:113,0
DA:115,0
DA:116,0
DA:117,0
DA:125,0
DA:126,0
DA:133,0
DA:134,0
DA:135,0
DA:136,0
DA:137,0
DA:139,0
DA:140,0
DA:141,0
DA:143,0
DA:144,0
DA:146,0
DA:151,0
DA:153,0
DA:155,0
DA:156,0
DA:157,0
DA:158,0
DA:161,0
DA:165,0
DA:167,0
DA:169,0
DA:170,0
DA:171,0
DA:172,0
DA:175,0
DA:180,0
DA:182,0
DA:184,0
DA:185,0
DA:186,0
DA:187,0
DA:190,0
DA:195,0
DA:197,0
DA:199,0
DA:200,0
DA:201,0
DA:202,0
DA:207,0
DA:208,0
DA:213,0
DA:214,0
DA:216,0
DA:217,0
DA:219,0
DA:220,0
DA:222,0
DA:224,0
DA:225,0
DA:227,0
DA:228,0
DA:235,0
DA:236,0
DA:238,0
DA:240,0
DA:245,0
DA:246,0
DA:247,0
DA:269,2
DA:271,0
DA:273,0
DA:281,0
DA:283,0
DA:284,0
DA:287,0
DA:288,0
DA:289,0
DA:291,0
DA:295,0
DA:296,0
DA:297,0
DA:298,0
DA:299,0
DA:300,0
DA:301,0
DA:302,0
DA:303,0
DA:304,0
DA:308,0
DA:312,0
DA:313,0
DA:314,0
DA:317,0
DA:318,0
DA:320,0
DA:321,0
DA:322,0
DA:323,0
DA:324,0
DA:326,0
DA:327,0
DA:328,0
DA:329,0
DA:335,0
DA:337,0
DA:342,0
DA:344,0
DA:346,0
DA:347,0
LF:146
LH:2
end_of_record
SF:lib/snake.dart
DA:21,2
DA:23,0
DA:24,0
DA:44,0
DA:46,0
DA:47,0
DA:48,0
DA:49,0
DA:52,0
DA:54,0
DA:55,0
DA:56,0
DA:59,0
DA:60,0
DA:63,0
DA:64,0
DA:66,0
DA:67,0
DA:69,0
DA:72,0
DA:73,0
DA:75,0
DA:76,0
DA:78,0
DA:79,0
DA:80,0
DA:81,0
DA:82,0
DA:84,0
DA:85,0
DA:86,0
DA:87,0
DA:88,0
DA:91,0
DA:92,0
DA:96,0
DA:98,0
DA:101,0
DA:107,0
DA:109,0
DA:113,0
DA:114,0
DA:117,0
DA:118,0
DA:119,0
DA:120,0
DA:121,0
DA:124,0
DA:125,0
DA:126,0
DA:129,0
DA:130,0
DA:131,0
DA:138,0
DA:139,0
DA:140,0
DA:141,0
DA:143,0
DA:145,0
DA:146,0
DA:147,0
DA:148,0
DA:149,0
DA:150,0
DA:153,0
DA:154,0
DA:155,0
DA:156,0
DA:163,0
DA:164,0
DA:166,0
DA:167,0
DA:168,0
DA:169,0
DA:174,0
DA:175,0
DA:176,0
DA:177,0
DA:179,0
DA:180,0
DA:187,0
DA:189,0
DA:190,0
DA:192,0
DA:194,0
DA:195,0
DA:197,0
DA:199,0
DA:201,0
DA:204,0
DA:208,0
DA:209,0
DA:212,0
DA:214,0
DA:215,0
DA:219,0
DA:220,0
DA:223,0
DA:224,0
DA:227,0
DA:228,0
DA:229,0
DA:233,0
DA:234,0
DA:241,0
DA:242,0
DA:244,0
DA:245,0
DA:246,0
DA:248,0
DA:254,0
DA:255,0
DA:256,0
DA:257,0
DA:260,0
DA:262,0
DA:263,0
DA:266,0
DA:267,0
DA:268,0
DA:269,0
DA:270,0
DA:271,0
DA:282,0
DA:283,0
DA:284,0
DA:285,0
DA:287,0
DA:289,0
DA:290,0
DA:293,0
DA:296,0
DA:298,0
DA:302,0
DA:303,0
DA:304,0
DA:305,0
DA:316,0
DA:317,0
DA:318,0
DA:320,0
DA:321,0
DA:322,0
DA:323,0
DA:329,0
DA:330,0
DA:334,0
DA:335,0
DA:336,0
DA:338,0
DA:339,0
DA:340,0
DA:342,0
DA:343,0
DA:345,0
DA:346,0
DA:348,0
DA:350,0
DA:354,0
DA:356,0
DA:357,0
DA:368,0
DA:369,0
DA:370,0
DA:373,0
DA:374,0
DA:375,0
DA:376,0
DA:377,0
DA:380,0
DA:382,0
DA:383,0
DA:384,0
DA:385,0
DA:388,0
DA:389,0
DA:390,0
DA:391,0
DA:394,0
DA:398,0
DA:400,0
DA:401,0
DA:402,0
DA:404,0
DA:405,0
DA:406,0
DA:408,0
DA:416,0
DA:418,0
DA:421,0
DA:423,0
DA:426,0
DA:430,0
DA:431,0
DA:432,0
DA:433,0
DA:434,0
DA:436,0
DA:445,0
DA:447,0
DA:449,0
DA:451,0
DA:458,0
DA:459,0
DA:472,2
DA:480,0
DA:486,0
DA:488,0
DA:489,0
DA:491,0
DA:492,0
DA:493,0
DA:495,0
DA:496,0
DA:497,0
DA:498,0
DA:499,0
DA:501,0
DA:502,0
DA:506,0
DA:507,0
DA:508,0
DA:510,0
DA:512,0
DA:513,0
DA:514,0
DA:517,0
DA:518,0
DA:521,0
DA:523,0
DA:524,0
DA:525,0
DA:531,0
DA:532,0
DA:541,0
DA:557,0
DA:564,0
DA:566,0
DA:567,0
DA:568,0
DA:569,0
DA:572,0
DA:575,0
DA:578,0
DA:579,0
DA:581,0
DA:583,0
DA:586,0
DA:587,0
DA:588,0
DA:590,0
DA:591,0
DA:592,0
DA:594,0
DA:597,0
DA:600,0
DA:601,0
DA:602,0
DA:605,0
DA:608,0
DA:609,0
DA:610,0
DA:613,0
DA:619,0
DA:621,0
DA:624,0
DA:625,0
DA:626,0
DA:628,0
DA:629,0
DA:631,0
DA:633,0
DA:638,0
DA:639,0
DA:641,0
DA:642,0
DA:645,0
DA:646,0
DA:649,0
DA:650,0
DA:653,0
DA:660,0
DA:661,0
DA:664,0
DA:666,0
DA:669,0
DA:681,0
DA:687,0
DA:689,0
DA:690,0
DA:691,0
DA:692,0
DA:694,0
DA:695,0
DA:698,0
DA:699,0
DA:700,0
DA:718,0
DA:726,0
DA:727,0
DA:728,0
DA:729,0
DA:730,0
DA:731,0
DA:732,0
DA:754,0
DA:767,2
DA:769,0
DA:772,0
DA:774,0
DA:775,0
DA:787,0
DA:794,0
DA:795,0
DA:837,0
DA:839,0
DA:840,0
DA:843,0
DA:844,0
DA:845,0
DA:848,0
DA:849,0
DA:853,0
DA:855,0
DA:856,0
DA:857,0
DA:858,0
DA:863,0
DA:864,0
DA:865,0
DA:872,0
DA:874,0
DA:880,0
DA:881,0
DA:882,0
DA:883,0
DA:884,0
DA:885,0
DA:886,0
DA:887,0
DA:888,0
DA:891,0
DA:892,0
DA:893,0
DA:894,0
DA:895,0
DA:897,0
DA:898,0
DA:899,0
DA:900,0
DA:902,0
DA:903,0
DA:904,0
DA:905,0
DA:906,0
DA:910,0
DA:911,0
DA:912,0
DA:916,0
DA:917,0
DA:919,0
DA:922,0
DA:923,0
DA:926,0
DA:927,0
DA:928,0
DA:932,0
DA:934,0
DA:937,0
DA:940,0
DA:941,0
DA:943,0
DA:944,0
DA:945,0
DA:946,0
DA:947,0
DA:949,0
DA:952,0
DA:955,0
DA:956,0
DA:962,0
DA:964,0
DA:969,0
DA:970,0
DA:971,0
DA:974,0
DA:975,0
DA:976,0
DA:977,0
DA:980,0
DA:981,0
DA:982,0
DA:983,0
DA:984,0
DA:988,0
DA:989,0
DA:990,0
DA:991,0
DA:992,0
DA:993,0
DA:994,0
DA:998,0
DA:999,0
DA:1000,0
DA:1001,0
DA:1004,0
DA:1005,0
DA:1006,0
DA:1007,0
DA:1014,0
DA:1016,0
DA:1017,0
DA:1018,0
DA:1019,0
DA:1022,0
DA:1023,0
DA:1024,0
DA:1025,0
DA:1026,0
DA:1027,0
DA:1029,0
DA:1030,0
DA:1032,0
DA:1033,0
DA:1035,0
DA:1036,0
DA:1041,0
DA:1042,0
DA:1043,0
DA:1047,0
DA:1048,0
DA:1051,0
DA:1053,0
DA:1054,0
DA:1059,0
DA:1060,0
DA:1061,0
DA:1062,0
DA:1066,0
DA:1067,0
DA:1069,0
DA:1071,0
DA:1073,0
DA:1077,0
DA:1079,0
DA:1080,0
DA:1083,0
DA:1086,0
DA:1090,0
DA:1091,0
DA:1093,0
DA:1095,0
DA:1096,0
DA:1099,0
DA:1103,0
DA:1104,0
DA:1105,0
DA:1106,0
DA:1109,0
DA:1112,0
DA:1113,0
DA:1114,0
DA:1115,0
DA:1116,0
DA:1117,0
DA:1118,0
DA:1119,0
DA:1120,0
DA:1124,0
DA:1128,0
DA:1130,0
DA:1131,0
DA:1132,0
DA:1133,0
DA:1134,0
DA:1136,0
DA:1137,0
DA:1138,0
DA:1139,0
DA:1141,0
DA:1142,0
DA:1150,0
DA:1151,0
DA:1154,0
DA:1155,0
DA:1156,0
DA:1157,0
DA:1158,0
DA:1159,0
DA:1160,0
DA:1161,0
DA:1162,0
DA:1163,0
DA:1164,0
DA:1165,0
DA:1166,0
DA:1167,0
DA:1168,0
DA:1169,0
DA:1170,0
DA:1171,0
DA:1179,0
DA:1180,0
DA:1183,0
DA:1184,0
DA:1186,0
DA:1188,0
DA:1190,0
DA:1191,0
DA:1193,0
DA:1196,0
DA:1199,0
DA:1200,0
DA:1201,0
DA:1202,0
DA:1203,0
DA:1211,0
DA:1213,0
DA:1214,0
DA:1215,0
DA:1218,0
DA:1220,0
DA:1221,0
DA:1224,0
DA:1231,0
DA:1232,0
DA:1233,0
DA:1235,0
DA:1236,0
DA:1238,0
DA:1239,0
DA:1240,0
DA:1242,0
DA:1244,0
DA:1245,0
DA:1246,0
DA:1248,0
DA:1250,0
DA:1251,0
DA:1252,0
DA:1258,0
DA:1259,0
DA:1260,0
DA:1262,0
DA:1263,0
DA:1265,0
DA:1267,0
DA:1268,0
DA:1270,0
DA:1271,0
DA:1273,0
DA:1274,0
DA:1275,0
DA:1276,0
DA:1279,0
DA:1280,0
DA:1281,0
DA:1282,0
DA:1283,0
DA:1286,0
DA:1288,0
DA:1290,0
DA:1291,0
DA:1292,0
DA:1293,0
DA:1294,0
DA:1295,0
DA:1296,0
DA:1297,0
DA:1298,0
DA:1299,0
DA:1300,0
DA:1302,0
DA:1304,0
DA:1309,0
DA:1310,0
DA:1321,0
DA:1328,0
DA:1329,0
DA:1334,0
DA:1336,0
DA:1338,0
DA:1341,0
DA:1349,0
DA:1353,0
DA:1354,0
DA:1357,0
DA:1359,0
DA:1360,0
DA:1362,0
DA:1363,0
DA:1365,0
DA:1369,0
DA:1372,0
DA:1374,0
DA:1378,0
DA:1379,0
DA:1380,0
DA:1381,0
DA:1383,0
DA:1384,0
DA:1385,0
DA:1403,0
DA:1410,0
DA:1412,0
DA:1414,0
DA:1415,0
DA:1416,0
DA:1418,0
DA:1420,0
DA:1421,0
DA:1423,0
DA:1424,0
DA:1425,0
DA:1428,0
DA:1451,0
DA:1460,0
DA:1462,0
DA:1464,0
DA:1465,0
DA:1466,0
DA:1467,0
DA:1468,0
DA:1471,0
DA:1472,0
DA:1474,0
DA:1475,0
DA:1476,0
DA:1477,0
DA:1478,0
DA:1479,0
DA:1480,0
DA:1481,0
DA:1485,0
DA:1486,0
DA:1487,0
DA:1488,0
DA:1489,0
DA:1490,0
DA:1491,0
DA:1492,0
DA:1493,0
DA:1495,0
DA:1499,0
DA:1500,0
DA:1501,0
DA:1503,0
DA:1504,0
DA:1505,0
DA:1506,0
DA:1508,0
DA:1509,0
DA:1510,0
DA:1511,0
DA:1514,0
DA:1515,0
DA:1516,0
DA:1517,0
DA:1518,0
DA:1519,0
DA:1520,0
DA:1523,0
DA:1525,0
DA:1527,0
DA:1528,0
DA:1530,0
DA:1531,0
DA:1532,0
DA:1538,0
DA:1539,0
DA:1541,0
DA:1542,0
DA:1543,0
DA:1544,0
DA:1545,0
DA:1546,0
DA:1548,0
DA:1552,0
DA:1553,0
DA:1556,0
DA:1557,0
DA:1558,0
DA:1559,0
DA:1560,0
DA:1561,0
DA:1562,0
DA:1564,0
DA:1567,0
DA:1568,0
DA:1570,0
DA:1573,0
DA:1574,0
DA:1578,0
DA:1580,0
DA:1583,0
DA:1584,0
DA:1585,0
DA:1589,0
DA:1590,0
DA:1593,0
DA:1596,0
DA:1599,0
DA:1603,0
DA:1605,0
DA:1606,0
DA:1607,0
DA:1608,0
DA:1610,0
DA:1611,0
DA:1612,0
DA:1613,0
DA:1614,0
DA:1616,0
DA:1621,0
LF:714
LH:3
end_of_record
SF:lib/screens/societyadminpage.dart
DA:14,4
DA:16,0
DA:17,0
DA:31,0
DA:33,0
DA:34,0
DA:38,0
DA:40,0
DA:41,0
DA:42,0
DA:43,0
DA:44,0
DA:45,0
DA:46,0
DA:47,0
DA:50,0
DA:52,0
DA:53,0
DA:54,0
DA:55,0
DA:56,0
DA:57,0
DA:58,0
DA:61,0
DA:62,0
DA:64,0
DA:67,0
DA:68,0
DA:71,0
DA:75,0
DA:76,0
DA:77,0
DA:78,0
DA:79,0
DA:80,0
DA:82,0
DA:83,0
DA:85,0
DA:88,0
DA:90,0
DA:91,0
DA:92,0
DA:94,0
DA:100,0
DA:101,0
DA:102,0
DA:103,0
DA:104,0
DA:110,0
DA:114,0
DA:116,0
DA:117,0
DA:119,0
DA:120,0
DA:122,0
DA:123,0
DA:124,0
DA:131,0
DA:132,0
DA:134,0
DA:136,0
DA:138,0
DA:140,0
DA:144,0
DA:145,0
DA:160,0
DA:161,0
DA:164,0
DA:165,0
DA:166,0
DA:167,0
DA:176,0
DA:177,0
DA:178,0
DA:180,0
DA:181,0
DA:182,0
DA:185,0
DA:186,0
DA:187,0
DA:189,0
DA:191,0
DA:193,0
DA:196,0
DA:198,0
DA:201,0
DA:203,0
DA:206,0
DA:208,0
DA:211,0
DA:220,0
DA:221,0
DA:222,0
DA:223,0
DA:225,0
DA:227,0
DA:228,0
DA:230,0
DA:231,0
DA:232,0
DA:234,0
DA:235,0
DA:236,0
DA:238,0
DA:240,0
DA:244,0
DA:245,0
DA:246,0
DA:248,0
DA:249,0
DA:251,0
DA:254,0
DA:257,0
DA:258,0
DA:260,0
DA:261,0
DA:262,0
DA:263,0
DA:264,0
DA:277,0
DA:278,0
DA:279,0
DA:281,0
DA:287,0
DA:290,0
DA:291,0
DA:294,0
DA:295,0
DA:296,0
DA:297,0
DA:301,0
DA:302,0
DA:303,0
DA:304,0
DA:305,0
DA:307,0
DA:308,0
DA:309,0
DA:310,0
DA:313,0
DA:314,0
DA:315,0
DA:319,0
DA:321,0
DA:322,0
DA:323,0
DA:324,0
DA:325,0
DA:327,0
DA:328,0
DA:335,0
DA:336,0
DA:337,0
DA:340,0
DA:347,0
DA:350,0
DA:353,0
DA:355,0
DA:356,0
DA:357,0
DA:358,0
DA:364,0
DA:366,0
DA:374,0
DA:375,0
DA:376,0
DA:378,0
DA:384,0
DA:385,0
DA:388,0
DA:390,0
DA:391,0
DA:397,0
DA:398,0
DA:401,0
DA:404,0
DA:405,0
DA:416,0
DA:417,0
DA:418,0
DA:420,0
DA:426,0
DA:427,0
DA:430,0
DA:433,0
DA:434,0
DA:437,0
DA:443,0
DA:444,0
DA:447,0
DA:450,0
DA:451,0
DA:452,0
DA:453,0
DA:465,0
DA:466,0
DA:467,0
DA:469,0
DA:471,0
DA:472,0
DA:474,0
DA:475,0
DA:476,0
DA:477,0
DA:478,0
DA:479,0
DA:485,0
DA:490,0
DA:491,0
DA:497,0
DA:499,0
DA:501,0
DA:502,0
DA:504,0
DA:505,0
DA:506,0
DA:507,0
DA:508,0
DA:509,0
DA:515,0
DA:520,0
DA:521,0
DA:527,0
DA:529,0
DA:531,0
DA:532,0
DA:533,0
DA:536,0
DA:537,0
DA:538,0
DA:539,0
DA:542,0
DA:543,0
DA:546,0
DA:547,0
DA:550,0
DA:553,0
DA:570,4
DA:572,0
DA:573,0
DA:586,0
DA:588,0
DA:589,0
DA:592,0
DA:594,0
DA:595,0
DA:596,0
DA:597,0
DA:600,0
DA:602,0
DA:604,0
DA:605,0
DA:610,0
DA:611,0
DA:612,0
DA:613,0
DA:614,0
DA:615,0
DA:617,0
DA:618,0
DA:619,0
DA:620,0
DA:622,0
DA:623,0
DA:625,0
DA:626,0
DA:628,0
DA:629,0
DA:631,0
DA:635,0
DA:637,0
DA:641,0
DA:643,0
DA:649,0
DA:651,0
DA:652,0
DA:655,0
DA:656,0
DA:657,0
DA:658,0
DA:659,0
DA:660,0
DA:661,0
DA:663,0
DA:668,0
DA:669,0
DA:675,0
DA:676,0
DA:677,0
DA:678,0
DA:679,0
DA:680,0
DA:684,0
DA:685,0
DA:686,0
DA:687,0
DA:688,0
DA:690,0
DA:691,0
DA:695,0
DA:696,0
DA:698,0
DA:699,0
DA:700,0
DA:701,0
DA:713,0
DA:721,0
DA:723,0
DA:724,0
DA:725,0
DA:727,0
DA:734,0
DA:736,0
DA:737,0
DA:738,0
DA:744,0
DA:746,0
DA:747,0
DA:748,0
DA:749,0
DA:750,0
DA:751,0
DA:760,0
DA:761,0
DA:763,0
DA:764,0
DA:765,0
DA:773,0
DA:774,0
DA:775,0
DA:776,0
DA:777,0
DA:783,0
DA:787,0
DA:788,0
DA:789,0
DA:790,0
DA:792,0
DA:793,0
DA:795,0
DA:796,0
DA:799,0
DA:800,0
DA:801,0
DA:803,0
DA:804,0
DA:805,0
DA:809,0
DA:810,0
DA:812,0
DA:813,0
DA:814,0
DA:816,0
DA:817,0
DA:818,0
DA:819,0
DA:821,0
DA:822,0
DA:825,0
DA:826,0
DA:828,0
DA:829,0
DA:830,0
DA:835,0
DA:836,0
DA:839,0
DA:840,0
DA:841,0
DA:842,0
DA:843,0
DA:849,0
DA:850,0
DA:854,0
DA:855,0
DA:864,0
DA:865,0
DA:866,0
DA:867,0
DA:870,0
DA:872,0
DA:873,0
DA:874,0
DA:875,0
DA:877,0
DA:878,0
DA:880,0
DA:881,0
DA:883,0
DA:884,0
DA:887,0
DA:891,0
DA:894,0
DA:898,0
DA:901,0
DA:907,0
DA:909,0
DA:910,0
DA:915,0
DA:916,0
DA:917,0
DA:918,0
DA:919,0
DA:920,0
DA:924,0
DA:925,0
DA:926,0
DA:927,0
DA:928,0
DA:929,0
DA:940,0
DA:947,0
DA:949,0
DA:950,0
DA:951,0
DA:953,0
DA:961,0
DA:963,0
DA:964,0
DA:965,0
DA:973,0
DA:974,0
DA:976,0
DA:977,0
DA:978,0
DA:980,0
DA:981,0
DA:983,0
DA:984,0
DA:985,0
DA:993,0
DA:994,0
DA:995,0
DA:996,0
DA:997,0
DA:1003,0
DA:1007,0
DA:1009,0
DA:1010,0
DA:1011,0
DA:1014,0
DA:1015,0
DA:1017,0
DA:1018,0
DA:1019,0
DA:1020,0
DA:1021,0
DA:1022,0
DA:1023,0
DA:1024,0
DA:1028,0
DA:1029,0
DA:1030,0
DA:1032,0
DA:1033,0
DA:1035,0
DA:1036,0
DA:1037,0
DA:1046,0
DA:1047,0
DA:1048,0
DA:1050,0
DA:1052,0
DA:1053,0
DA:1055,0
DA:1056,0
DA:1057,0
DA:1058,0
DA:1059,0
DA:1060,0
DA:1062,0
DA:1065,0
DA:1066,0
DA:1067,0
DA:1068,0
DA:1071,0
DA:1072,0
DA:1074,0
DA:1076,0
DA:1079,0
DA:1080,0
DA:1082,0
DA:1083,0
DA:1084,0
DA:1085,0
DA:1086,0
DA:1090,0
DA:1091,0
DA:1092,0
DA:1094,0
DA:1095,0
DA:1096,0
DA:1107,0
DA:1108,0
DA:1110,0
DA:1111,0
DA:1112,0
DA:1113,0
DA:1115,0
DA:1116,0
DA:1117,0
DA:1119,0
DA:1120,0
DA:1121,0
DA:1123,0
DA:1125,0
DA:1126,0
DA:1127,0
DA:1129,0
DA:1130,0
DA:1131,0
DA:1132,0
DA:1133,0
DA:1135,0
DA:1136,0
DA:1137,0
DA:1138,0
DA:1139,0
DA:1143,0
DA:1144,0
DA:1145,0
DA:1147,0
DA:1148,0
DA:1149,0
DA:1150,0
DA:1151,0
DA:1152,0
DA:1153,0
DA:1154,0
DA:1155,0
DA:1156,0
DA:1158,0
DA:1159,0
DA:1160,0
DA:1161,0
DA:1162,0
DA:1163,0
DA:1164,0
DA:1168,0
DA:1169,0
DA:1174,0
DA:1175,0
DA:1176,0
DA:1177,0
DA:1178,0
DA:1180,0
DA:1182,0
DA:1183,0
DA:1184,0
DA:1185,0
DA:1186,0
DA:1187,0
DA:1188,0
DA:1194,0
DA:1195,0
DA:1196,0
DA:1197,0
DA:1198,0
DA:1199,0
DA:1200,0
DA:1203,0
DA:1204,0
DA:1209,0
DA:1210,0
DA:1211,0
DA:1212,0
DA:1213,0
DA:1214,0
DA:1216,0
DA:1217,0
DA:1218,0
DA:1219,0
DA:1220,0
DA:1221,0
DA:1223,0
DA:1230,0
DA:1231,0
DA:1233,0
LF:577
LH:2
end_of_record
SF:lib/screens/societyjoinrequestpage.dart
DA:15,2
DA:17,0
DA:18,0
DA:28,0
DA:30,0
DA:31,0
DA:32,0
DA:35,0
DA:36,0
DA:39,0
DA:43,0
DA:44,0
DA:45,0
DA:46,0
DA:48,0
DA:52,0
DA:70,0
DA:71,0
DA:72,0
DA:73,0
DA:74,0
DA:76,0
DA:77,0
DA:78,0
DA:79,0
DA:80,0
DA:82,0
DA:83,0
DA:84,0
DA:86,0
DA:89,0
DA:90,0
DA:91,0
DA:94,0
DA:95,0
DA:96,0
DA:97,0
DA:98,0
DA:99,0
DA:105,0
DA:110,0
DA:112,0
DA:116,0
DA:117,0
DA:118,0
DA:119,0
DA:122,0
DA:123,0
DA:125,0
DA:126,0
DA:127,0
DA:130,0
DA:131,0
DA:132,0
DA:135,0
DA:139,0
DA:141,0
DA:145,0
DA:146,0
DA:147,0
DA:148,0
DA:149,0
DA:150,0
DA:152,0
DA:153,0
DA:154,0
DA:155,0
DA:158,0
DA:167,0
DA:168,0
DA:172,0
DA:174,0
DA:176,0
DA:180,0
DA:181,0
DA:182,0
DA:185,0
DA:187,0
DA:190,0
DA:191,0
DA:192,0
DA:193,0
DA:194,0
DA:200,0
DA:201,0
DA:207,0
DA:209,0
DA:213,0
DA:214,0
DA:218,0
DA:219,0
DA:220,0
DA:222,0
DA:224,0
DA:225,0
DA:228,0
DA:229,0
DA:230,0
DA:233,0
DA:234,0
DA:235,0
DA:236,0
DA:237,0
DA:243,0
DA:244,0
DA:245,0
DA:246,0
DA:247,0
DA:253,0
DA:254,0
DA:259,0
DA:260,0
DA:261,0
DA:262,0
DA:263,0
DA:264,0
DA:266,0
DA:268,0
DA:272,0
DA:274,0
DA:275,0
DA:276,0
DA:280,0
DA:282,0
DA:283,0
DA:284,0
DA:285,0
DA:286,0
DA:287,0
DA:289,0
DA:291,0
DA:292,0
DA:299,0
DA:300,0
DA:301,0
DA:303,0
DA:304,0
DA:305,0
DA:314,0
DA:315,0
DA:316,0
DA:317,0
DA:318,0
DA:319,0
DA:321,0
DA:323,0
DA:324,0
DA:326,0
DA:328,0
DA:329,0
DA:330,0
DA:331,0
DA:332,0
DA:338,0
DA:339,0
DA:340,0
DA:342,0
DA:343,0
DA:345,0
DA:346,0
DA:347,0
DA:352,0
DA:353,0
DA:355,0
DA:356,0
DA:357,0
DA:358,0
DA:359,0
DA:360,0
DA:361,0
DA:365,0
DA:367,0
DA:368,0
DA:369,0
DA:370,0
DA:371,0
DA:372,0
DA:373,0
DA:379,0
DA:381,0
DA:382,0
DA:385,0
DA:386,0
DA:393,0
DA:394,0
DA:396,0
DA:398,0
DA:405,0
DA:406,0
DA:407,0
DA:420,0
DA:422,0
DA:427,0
DA:428,0
DA:429,0
DA:430,0
DA:431,0
DA:432,0
DA:433,0
DA:447,0
DA:449,0
DA:452,0
DA:453,0
DA:454,0
DA:456,0
DA:457,0
DA:458,0
DA:460,0
DA:464,0
DA:465,0
DA:467,0
DA:468,0
DA:470,0
DA:474,0
DA:476,0
DA:477,0
DA:488,0
DA:490,0
DA:491,0
DA:493,0
DA:494,0
DA:496,0
DA:497,0
DA:499,0
DA:500,0
DA:502,0
DA:505,0
DA:508,0
DA:510,0
DA:512,0
DA:518,0
DA:519,0
DA:521,0
DA:523,0
DA:524,0
DA:525,0
DA:526,0
DA:527,0
DA:534,0
DA:536,0
DA:537,0
DA:538,0
DA:539,0
DA:540,0
DA:541,0
DA:542,0
DA:545,0
DA:547,0
DA:551,0
DA:552,0
DA:553,0
DA:554,0
DA:556,0
DA:557,0
DA:558,0
DA:560,0
DA:561,0
DA:562,0
DA:563,0
DA:565,0
DA:567,0
DA:568,0
DA:569,0
DA:570,0
DA:572,0
DA:573,0
DA:575,0
DA:576,0
DA:581,0
DA:591,0
DA:592,0
DA:593,0
DA:594,0
DA:595,0
DA:596,0
DA:597,0
DA:598,0
DA:599,0
DA:600,0
DA:605,0
DA:608,0
DA:614,0
DA:615,0
DA:616,0
DA:621,0
DA:623,0
DA:627,0
DA:628,0
DA:629,0
DA:638,0
DA:639,0
DA:640,0
DA:642,0
DA:644,0
DA:645,0
DA:647,0
DA:648,0
DA:649,0
DA:650,0
DA:651,0
DA:652,0
DA:654,0
DA:657,0
DA:658,0
DA:659,0
DA:660,0
DA:664,0
DA:666,0
DA:668,0
DA:672,0
DA:674,0
DA:675,0
DA:676,0
DA:677,0
DA:678,0
DA:688,0
DA:689,0
DA:697,0
DA:698,0
DA:699,0
DA:700,0
DA:705,0
DA:706,0
DA:708,0
DA:709,0
DA:710,0
DA:711,0
DA:713,0
DA:719,0
DA:720,0
DA:721,0
DA:723,0
DA:724,0
DA:725,0
DA:735,0
DA:736,0
DA:739,0
DA:741,0
DA:742,0
DA:747,0
DA:748,0
DA:756,0
DA:757,0
DA:759,0
DA:761,0
DA:762,0
DA:763,0
DA:765,0
DA:766,0
DA:768,0
DA:769,0
DA:770,0
DA:771,0
DA:772,0
DA:774,0
DA:776,0
DA:784,0
DA:785,0
DA:787,0
DA:788,0
DA:789,0
DA:790,0
DA:795,0
DA:796,0
DA:797,0
DA:799,0
DA:807,0
DA:809,0
DA:811,0
DA:812,0
DA:813,0
DA:821,0
DA:823,0
DA:825,0
DA:826,0
DA:827,0
DA:828,0
DA:829,0
DA:832,0
DA:833,0
DA:834,0
DA:840,0
DA:841,0
DA:843,0
DA:844,0
DA:846,0
DA:853,0
DA:855,0
DA:857,0
DA:869,0
DA:870,0
DA:873,0
DA:875,0
DA:876,0
DA:877,0
DA:879,0
DA:880,0
DA:881,0
DA:882,0
DA:886,0
DA:887,0
DA:888,0
DA:889,0
DA:891,0
DA:892,0
DA:895,0
DA:899,0
DA:900,0
DA:901,0
DA:902,0
DA:904,0
DA:905,0
DA:916,0
DA:919,0
DA:920,0
DA:922,0
DA:923,0
DA:924,0
DA:925,0
DA:926,0
DA:927,0
LF:421
LH:1
end_of_record
SF:lib/logic/hour_summary.dart
DA:14,1
DA:30,4
DA:31,4
DA:34,1
DA:35,5
DA:38,1
DA:43,2
DA:44,5
DA:46,3
DA:61,1
DA:67,1
DA:68,1
DA:69,1
DA:71,3
DA:72,1
DA:73,1
DA:74,1
DA:75,2
DA:78,2
DA:79,2
DA:82,1
DA:84,2
DA:85,3
DA:86,3
DA:88,1
DA:89,3
DA:90,1
DA:92,2
DA:93,1
DA:98,2
DA:99,2
DA:100,1
DA:102,2
DA:104,6
DA:106,1
DA:107,5
DA:112,1
LF:37
LH:37
end_of_record
SF:lib/logic/deep_links.dart
DA:30,1
DA:42,1
DA:43,2
DA:44,2
DA:46,0
DA:48,0
DA:52,1
DA:53,2
DA:57,1
DA:58,1
DA:59,1
DA:60,1
DA:67,1
DA:68,1
DA:77,2
DA:78,0
DA:82,1
DA:83,1
DA:85,2
DA:86,1
LF:20
LH:17
end_of_record
